This is pdfTeX, Version 3.1415926-1.40.11 (TeX Live 2010) (INITEX)  13 JAN 2013 12:48
entering extended mode
**unpack.ins
(./unpack.ins (./ltdirchk.dtx
** Writing a default texsys.cfg
\openout15 = `texsys.cfg'.

\openout15 = `texsys.aux'.

./texsys.aux found


\@currdir set to: ./.

) (./docstrip.dtx
Utility: `docstrip' 2.5d <2005/07/29>
English documentation    <1999/03/31>

**********************************************************
* This program converts documented macro-files into fast *
* loadable files by stripping off (nearly) all comments! *
**********************************************************

********************************************************
* No Configuration file found, using default settings. *
********************************************************

) (./ltvers.dtx)
**********************************************
*
* Welcome to the Installation routine of
*
*     LaTeX2e <2011/06/27>
*
* Depending on your machine the installation
* might take a long time --- this is the
* price for being able to run on all platforms.
* So please be patient :-)
*
**********************************************


(./format.ins

Generating file(s) ./latex.ltx ./tracefnt.sty ./flafter.sty ./fleqn.clo ./leqno
.clo 
\openout0 = `./latex.ltx'.


Processing file ltdirchk.dtx (initex,2ekernel,dircheck) -> latex.ltx
Lines  processed: 911
Comments removed: 670
Comments  passed: 1
Codelines passed: 219


Processing file ltplain.dtx (2ekernel) -> latex.ltx
Lines  processed: 1141
Comments removed: 850
Comments  passed: 17
Codelines passed: 256


Processing file ltvers.dtx (2ekernel) -> latex.ltx
File ltvers.dtx ended by \endinput.
Lines  processed: 146
Comments removed: 91
Comments  passed: 1
Codelines passed: 48


Processing file ltdefns.dtx (2ekernel) -> latex.ltx
Lines  processed: 1455
Comments removed: 1140
Comments  passed: 1
Codelines passed: 301


Processing file ltalloc.dtx (2ekernel) -> latex.ltx
File ltalloc.dtx ended by \endinput.
Lines  processed: 175
Comments removed: 136
Comments  passed: 1
Codelines passed: 34


Processing file ltcntrl.dtx (2ekernel) -> latex.ltx
File ltcntrl.dtx ended by \endinput.
Lines  processed: 323
Comments removed: 264
Comments  passed: 1
Codelines passed: 54


Processing file lterror.dtx (2ekernel) -> latex.ltx
File lterror.dtx ended by \endinput.
Lines  processed: 820
Comments removed: 519
Comments  passed: 1
Codelines passed: 222


Processing file ltpar.dtx (2ekernel) -> latex.ltx
File ltpar.dtx ended by \endinput.
Lines  processed: 194
Comments removed: 166
Comments  passed: 1
Codelines passed: 23


Processing file ltspace.dtx (2ekernel) -> latex.ltx
File ltspace.dtx ended by \endinput.
Lines  processed: 998
Comments removed: 768
Comments  passed: 1
Codelines passed: 225


Processing file ltlogos.dtx (2ekernel) -> latex.ltx
File ltlogos.dtx ended by \endinput.
Lines  processed: 122
Comments removed: 85
Comments  passed: 1
Codelines passed: 32


Processing file ltfiles.dtx (2ekernel) -> latex.ltx
Lines  processed: 862
Comments removed: 610
Comments  passed: 1
Codelines passed: 242


Processing file ltoutenc.dtx (2ekernel) -> latex.ltx
File ltoutenc.dtx ended by \endinput.
Lines  processed: 3375
Comments removed: 2208
Comments  passed: 1
Codelines passed: 1130


Processing file ltcounts.dtx (2ekernel) -> latex.ltx
Lines  processed: 434
Comments removed: 350
Comments  passed: 1
Codelines passed: 79


Processing file ltlength.dtx (2ekernel) -> latex.ltx
Lines  processed: 152
Comments removed: 118
Comments  passed: 1
Codelines passed: 29


Processing file ltfssbas.dtx (2ekernel) -> latex.ltx
Lines  processed: 1910
Comments removed: 1419
Comments  passed: 2
Codelines passed: 451

\openout1 = `./tracefnt.sty'.


Processing file ltfsstrc.dtx (2ekernel) -> latex.ltx
                             (package,trace) -> tracefnt.sty
Lines  processed: 1886
Comments removed: 1330
Comments  passed: 3
Codelines passed: 430


Processing file ltfsscmp.dtx (compat,2ekernel) -> latex.ltx
Lines  processed: 414
Comments removed: 263
Comments  passed: 3
Codelines passed: 136


Processing file ltfssdcl.dtx (compat,2ekernel) -> latex.ltx
Lines  processed: 1544
Comments removed: 710
Comments  passed: 3
Codelines passed: 818


Processing file ltfssini.dtx (compat) -> latex.ltx
Lines  processed: 583
Comments removed: 416
Comments  passed: 3
Codelines passed: 154


Processing file ltfntcmd.dtx (2ekernel) -> latex.ltx
File ltfntcmd.dtx ended by \endinput.
Lines  processed: 789
Comments removed: 629
Comments  passed: 17
Codelines passed: 139


Processing file ltpageno.dtx (2ekernel) -> latex.ltx
Lines  processed: 101
Comments removed: 71
Comments  passed: 1
Codelines passed: 25


Processing file ltxref.dtx (2ekernel) -> latex.ltx
Lines  processed: 341
Comments removed: 281
Comments  passed: 1
Codelines passed: 55


Processing file ltmiscen.dtx (2ekernel) -> latex.ltx
Lines  processed: 801
Comments removed: 627
Comments  passed: 1
Codelines passed: 169

\openout1 = `./fleqn.clo'.

\openout2 = `./leqno.clo'.


Processing file ltmath.dtx (2ekernel) -> latex.ltx
                           (fleqn) -> fleqn.clo
                           (leqno) -> leqno.clo
Lines  processed: 999
Comments removed: 622
Comments  passed: 17
Codelines passed: 345


Processing file ltlists.dtx (2ekernel) -> latex.ltx
Lines  processed: 1075
Comments removed: 809
Comments  passed: 1
Codelines passed: 261


Processing file ltboxes.dtx (2ekernel) -> latex.ltx
File ltboxes.dtx ended by \endinput.
Lines  processed: 1173
Comments removed: 861
Comments  passed: 1
Codelines passed: 307


Processing file lttab.dtx (2ekernel) -> latex.ltx
Lines  processed: 1621
Comments removed: 1241
Comments  passed: 1
Codelines passed: 364


Processing file ltpictur.dtx (2ekernel) -> latex.ltx
Lines  processed: 1487
Comments removed: 1071
Comments  passed: 1
Codelines passed: 382


Processing file ltthm.dtx (2ekernel) -> latex.ltx
Lines  processed: 289
Comments removed: 227
Comments  passed: 1
Codelines passed: 57


Processing file ltsect.dtx (2ekernel) -> latex.ltx
Lines  processed: 866
Comments removed: 676
Comments  passed: 1
Codelines passed: 185


Processing file ltfloat.dtx (2ekernel) -> latex.ltx
Lines  processed: 1314
Comments removed: 992
Comments  passed: 1
Codelines passed: 317


Processing file ltidxglo.dtx (2ekernel) -> latex.ltx
Lines  processed: 217
Comments removed: 159
Comments  passed: 1
Codelines passed: 53


Processing file ltbibl.dtx (2ekernel) -> latex.ltx
Lines  processed: 407
Comments removed: 330
Comments  passed: 1
Codelines passed: 72


Processing file ltpage.dtx (2ekernel) -> latex.ltx
Lines  processed: 334
Comments removed: 256
Comments  passed: 1
Codelines passed: 73

\openout1 = `./flafter.sty'.


Processing file ltoutput.dtx (2ekernel) -> latex.ltx
                             (flafter) -> flafter.sty
File ltoutput.dtx ended by \endinput.
Lines  processed: 3963
Comments removed: 2409
Comments  passed: 1
Codelines passed: 1278


Processing file ltclass.dtx (2ekernel) -> latex.ltx
Lines  processed: 1699
Comments removed: 1165
Comments  passed: 1
Codelines passed: 527


Processing file ltfinal.dtx (2ekernel) -> latex.ltx
Lines  processed: 631
Comments removed: 371
Comments  passed: 1
Codelines passed: 255


Generating file(s) ./oldlfont.sty 
\openout0 = `./oldlfont.sty'.


Processing file oldlfont.dtx (package) -> oldlfont.sty
File oldlfont.dtx ended by \endinput.
Lines  processed: 266
Comments removed: 192
Comments  passed: 18
Codelines passed: 45


Generating file(s) ./newlfont.sty 
\openout0 = `./newlfont.sty'.


Processing file newlfont.dtx (package) -> newlfont.sty
File newlfont.dtx ended by \endinput.
Lines  processed: 218
Comments removed: 143
Comments  passed: 18
Codelines passed: 48


Generating file(s) ./hyphen.ltx 
\openout0 = `./hyphen.ltx'.


Processing file lthyphen.dtx (default) -> hyphen.ltx
File lthyphen.dtx ended by \endinput.
Lines  processed: 157
Comments removed: 118
Comments  passed: 15
Codelines passed: 17


Generating file(s) ./fonttext.ltx ./fontmath.ltx ./fonttext.cfg ./fontmath.cfg 
./preload.cfg 
\openout0 = `./fonttext.ltx'.

\openout1 = `./fontmath.ltx'.

\openout2 = `./fonttext.cfg'.

\openout3 = `./fontmath.cfg'.

\openout4 = `./preload.cfg'.


Processing file fontdef.dtx (text) -> fonttext.ltx
                            (math) -> fontmath.ltx
                            (cfgtext) -> fonttext.cfg
                            (cfgmath) -> fontmath.cfg
                            (cfgprel) -> preload.cfg
File fontdef.dtx ended by \endinput.
Lines  processed: 1336
Comments removed: 759
Comments  passed: 34
Codelines passed: 516


Generating file(s) ./preload.ltx 
\openout0 = `./preload.ltx'.


Processing file preload.dtx (preload,cm,xpt,tex) -> preload.ltx
File preload.dtx ended by \endinput.
Lines  processed: 283
Comments removed: 186
Comments  passed: 31
Codelines passed: 26

) (./inputenc.ins
*** Generating input encoding files ***

Generating file(s) ./inputenc.sty ./latin1.def ./latin2.def ./latin3.def ./lati
n4.def ./latin5.def ./latin9.def ./latin10.def 
\openout0 = `./inputenc.sty'.

\openout1 = `./latin1.def'.

\openout2 = `./latin2.def'.

\openout3 = `./latin3.def'.

\openout4 = `./latin4.def'.

\openout5 = `./latin5.def'.

\openout6 = `./latin9.def'.

\openout7 = `./latin10.def'.


Processing file inputenc.dtx (package) -> inputenc.sty
                             (latin1) -> latin1.def
                             (latin2) -> latin2.def
                             (latin3) -> latin3.def
                             (latin4) -> latin4.def
                             (latin5) -> latin5.def
                             (latin9) -> latin9.def
                             (latin10) -> latin10.def
File inputenc.dtx ended by \endinput.
Lines  processed: 3003
Comments removed: 1205
Comments  passed: 15
Codelines passed: 1651


Generating file(s) ./cp850.def ./cp852.def ./cp858.def ./cp865.def ./cp437.def 
./cp437de.def ./decmulti.def 
\openout0 = `./cp850.def'.

\openout1 = `./cp852.def'.

\openout2 = `./cp858.def'.

\openout3 = `./cp865.def'.

\openout4 = `./cp437.def'.

\openout5 = `./cp437de.def'.

\openout6 = `./decmulti.def'.


Processing file inputenc.dtx (cp850) -> cp850.def
                             (cp852) -> cp852.def
                             (cp858) -> cp858.def
                             (cp865) -> cp865.def
                             (cp437) -> cp437.def
                             (cp437de) -> cp437de.def
                             (decmulti) -> decmulti.def
File inputenc.dtx ended by \endinput.
Lines  processed: 3003
Comments removed: 1205
Comments  passed: 15
Codelines passed: 1651


Generating file(s) ./ascii.def ./applemac.def ./macce.def ./next.def ./ansinew.
def ./cp1250.def ./cp1252.def ./cp1257.def 
\openout0 = `./ascii.def'.

\openout1 = `./applemac.def'.

\openout2 = `./macce.def'.

\openout3 = `./next.def'.

\openout4 = `./ansinew.def'.

\openout5 = `./cp1250.def'.

\openout6 = `./cp1252.def'.

\openout7 = `./cp1257.def'.


Processing file inputenc.dtx (ascii) -> ascii.def
                             (applemac) -> applemac.def
                             (applemacce) -> macce.def
                             (next) -> next.def
                             (cp1252,ansinew) -> ansinew.def
                             (cp1250) -> cp1250.def
                             (cp1252) -> cp1252.def
                             (cp1257) -> cp1257.def
File inputenc.dtx ended by \endinput.
Lines  processed: 3003
Comments removed: 1205
Comments  passed: 15
Codelines passed: 1651

*** Generating utf8 input encoding files ***

Generating file(s) ./utf8.def ./utf8-test.tex ./lcyenc.dfu ./ly1enc.dfu ./omsen
c.dfu ./ot1enc.dfu ./ot2enc.dfu ./t1enc.dfu 
\openout0 = `./utf8.def'.

\openout1 = `./utf8-test.tex'.

\openout2 = `./lcyenc.dfu'.

\openout3 = `./ly1enc.dfu'.

\openout4 = `./omsenc.dfu'.

\openout5 = `./ot1enc.dfu'.

\openout6 = `./ot2enc.dfu'.

\openout7 = `./t1enc.dfu'.


Processing file utf8ienc.dtx (utf8) -> utf8.def
                             (test) -> utf8-test.tex
                             (lcy) -> lcyenc.dfu
                             (ly1) -> ly1enc.dfu
                             (oms) -> omsenc.dfu
                             (ot1) -> ot1enc.dfu
                             (ot2) -> ot2enc.dfu
                             (t1) -> t1enc.dfu
File utf8ienc.dtx ended by \endinput.
Lines  processed: 1374
Comments removed: 736
Comments  passed: 0
Codelines passed: 185


Generating file(s) ./t2aenc.dfu ./t2benc.dfu ./t2cenc.dfu ./ts1enc.dfu ./x2enc.
dfu ./utf8enc.dfu ./utf8test.tex 
\openout0 = `./t2aenc.dfu'.

\openout1 = `./t2benc.dfu'.

\openout2 = `./t2cenc.dfu'.

\openout3 = `./ts1enc.dfu'.

\openout4 = `./x2enc.dfu'.

\openout5 = `./utf8enc.dfu'.

\openout6 = `./utf8test.tex'.


Processing file utf8ienc.dtx (t2a) -> t2aenc.dfu
                             (t2b) -> t2benc.dfu
                             (t2c) -> t2cenc.dfu
                             (ts1) -> ts1enc.dfu
                             (x2) -> x2enc.dfu
                             (all) -> utf8enc.dfu
                             (test) -> utf8test.tex
File utf8ienc.dtx ended by \endinput.
Lines  processed: 1374
Comments removed: 736
Comments  passed: 0
Codelines passed: 185

) (./ltoutenc.ins

Generating file(s) ./ot1enc.def ./omsenc.def ./omlenc.def ./t1enc.def ./ot4enc.
def ./ts1enc.def ./textcomp.sty ./fontenc.sty 
\openout0 = `./ot1enc.def'.

\openout1 = `./omsenc.def'.

\openout2 = `./omlenc.def'.

\openout3 = `./t1enc.def'.

\openout4 = `./ot4enc.def'.

\openout5 = `./ts1enc.def'.

\openout6 = `./textcomp.sty'.

\openout7 = `./fontenc.sty'.


Processing file ltoutenc.dtx (OT1) -> ot1enc.def
                             (OMS) -> omsenc.def
                             (OML) -> omlenc.def
                             (T1) -> t1enc.def
                             (OT4) -> ot4enc.def
                             (TS1) -> ts1enc.def
                             (TS1sty) -> textcomp.sty
                             (package) -> fontenc.sty
File ltoutenc.dtx ended by \endinput.
Lines  processed: 3375
Comments removed: 2208
Comments  passed: 1
Codelines passed: 1130

) (./classes.ins

Generating file(s) ./article.cls ./report.cls ./book.cls ./size10.clo ./size11.
clo ./size12.clo ./bk10.clo ./bk11.clo ./bk12.clo 
\openout0 = `./article.cls'.

\openout1 = `./report.cls'.

\openout2 = `./book.cls'.

\openout3 = `./size10.clo'.

\openout4 = `./size11.clo'.

\openout5 = `./size12.clo'.

\openout6 = `./bk10.clo'.

\openout7 = `./bk11.clo'.

\openout8 = `./bk12.clo'.


Processing file classes.dtx (article) -> article.cls
                            (report) -> report.cls
                            (book) -> book.cls
                            (10pt) -> size10.clo
                            (11pt) -> size11.clo
                            (12pt) -> size12.clo
                            (10pt,bk) -> bk10.clo
                            (11pt,bk) -> bk11.clo
                            (12pt,bk) -> bk12.clo
File classes.dtx ended by \endinput.
Lines  processed: 4462
Comments removed: 3062
Comments  passed: 15
Codelines passed: 1080

) (./letter.ins
*** Generating letter class file ***

Generating file(s) ./letter.cls 
\openout0 = `./letter.cls'.


Processing file letter.dtx (letter) -> letter.cls
File letter.dtx ended by \endinput.
Lines  processed: 1917
Comments removed: 1484
Comments  passed: 15
Codelines passed: 409

) (./slides.ins
*** Generating slide cmd files and styles ***

Generating file(s) ./slides.cls ./slides.def 
\openout0 = `./slides.cls'.

\openout1 = `./slides.def'.


Processing file slides.dtx (class) -> slides.cls
                           (cmd) -> slides.def
File slides.dtx ended by \endinput.
Lines  processed: 2722
Comments removed: 1782
Comments  passed: 15
Codelines passed: 912

*** Generating default fonts setup file for slides ***
*** Generating .fd files ***

Generating file(s) ./sfonts.def ./ot1lcmss.fd ./ot1lcmtt.fd ./omllcmm.fd ./omsl
cmsy.fd ./omxlcmex.fd ./ullasy.fd 
\openout0 = `./sfonts.def'.

\openout1 = `./ot1lcmss.fd'.

\openout2 = `./ot1lcmtt.fd'.

\openout3 = `./omllcmm.fd'.

\openout4 = `./omslcmsy.fd'.

\openout5 = `./omxlcmex.fd'.

\openout6 = `./ullasy.fd'.


Processing file slifonts.fdd (main) -> sfonts.def
                             (lcmss,fd) -> ot1lcmss.fd
                             (lcmtt,fd) -> ot1lcmtt.fd
                             (lcmm,fd) -> omllcmm.fd
                             (lcmsy,fd) -> omslcmsy.fd
                             (lcmex,fd) -> omxlcmex.fd
                             (llasy,fd) -> ullasy.fd
File slifonts.fdd ended by \endinput.
Lines  processed: 465
Comments removed: 281
Comments  passed: 0
Codelines passed: 103

) (./proc.ins

Generating file(s) ./proc.cls ./proc.sty 
\openout0 = `./proc.cls'.

\openout1 = `./proc.sty'.


Processing file proc.dtx (class) -> proc.cls
                         (style) -> proc.sty
File proc.dtx ended by \endinput.
Lines  processed: 455
Comments removed: 332
Comments  passed: 15
Codelines passed: 93

) (./latexsym.ins

Generating file(s) ./latexsym.sty ./ulasy.fd 
\openout0 = `./latexsym.sty'.

\openout1 = `./ulasy.fd'.


Processing file latexsym.dtx (package) -> latexsym.sty
                             (fd) -> ulasy.fd
File latexsym.dtx ended by \endinput.
Lines  processed: 196
Comments removed: 143
Comments  passed: 0
Codelines passed: 41

) (./cmfonts.ins

Generating file(s) ./ot1cmss.fd ./ot1cmr.fd ./ot1cmtt.fd ./ot1cmvtt.fd ./ot1cmf
ib.fd ./ot1cmfr.fd ./ot1cmdh.fd 
\openout0 = `./ot1cmss.fd'.

\openout1 = `./ot1cmr.fd'.

\openout2 = `./ot1cmtt.fd'.

\openout3 = `./ot1cmvtt.fd'.

\openout4 = `./ot1cmfib.fd'.

\openout5 = `./ot1cmfr.fd'.

\openout6 = `./ot1cmdh.fd'.


Processing file cmfonts.fdd (OT1cmss) -> ot1cmss.fd
                            (OT1cmr) -> ot1cmr.fd
                            (OT1cmtt,nowarn) -> ot1cmtt.fd
                            (OT1cmvtt) -> ot1cmvtt.fd
                            (OT1cmfib) -> ot1cmfib.fd
                            (OT1cmfr) -> ot1cmfr.fd
                            (OT1cmdh) -> ot1cmdh.fd
File cmfonts.fdd ended by \endinput.
Lines  processed: 1295
Comments removed: 556
Comments  passed: 0
Codelines passed: 424


Generating file(s) ./ucmr.fd ./ucmss.fd ./ucmtt.fd ./omlcmm.fd ./omscmsy.fd ./o
mxcmex.fd ./omlcmr.fd ./omscmr.fd 
\openout0 = `./ucmr.fd'.

\openout1 = `./ucmss.fd'.

\openout2 = `./ucmtt.fd'.

\openout3 = `./omlcmm.fd'.

\openout4 = `./omscmsy.fd'.

\openout5 = `./omxcmex.fd'.

\openout6 = `./omlcmr.fd'.

\openout7 = `./omscmr.fd'.


Processing file cmfonts.fdd (Ucmr) -> ucmr.fd
                            (Ucmss) -> ucmss.fd
                            (Ucmtt) -> ucmtt.fd
                            (OMLcmm) -> omlcmm.fd
                            (OMScmsy) -> omscmsy.fd
                            (OMXcmex) -> omxcmex.fd
                            (OMLcmr) -> omlcmr.fd
                            (OMScmr) -> omscmr.fd
File cmfonts.fdd ended by \endinput.
Lines  processed: 1295
Comments removed: 556
Comments  passed: 0
Codelines passed: 424

) (./ec.ins
*** Generating font defs for Cork encoded and Text Companion fonts ***

Generating file(s) ./t1cmfib.fd ./t1cmfr.fd ./t1cmdh.fd ./t1cmr.fd ./t1cmss.fd 
./t1cmtt.fd ./t1cmvtt.fd ./ts1cmr.fd ./ts1cmss.fd ./ts1cmtt.fd ./ts1cmvtt.fd 
\openout0 = `./t1cmfib.fd'.

\openout1 = `./t1cmfr.fd'.

\openout2 = `./t1cmdh.fd'.

\openout3 = `./t1cmr.fd'.

\openout4 = `./t1cmss.fd'.

\openout5 = `./t1cmtt.fd'.

\openout6 = `./t1cmvtt.fd'.

\openout7 = `./ts1cmr.fd'.

\openout8 = `./ts1cmss.fd'.

\openout9 = `./ts1cmtt.fd'.

\openout10 = `./ts1cmvtt.fd'.


Processing file cmfonts.fdd (fd,T1cmfib,ec) -> t1cmfib.fd
                            (fd,T1cmfr,ec) -> t1cmfr.fd
                            (fd,T1cmdh,ec) -> t1cmdh.fd
                            (fd,T1cmr,ec) -> t1cmr.fd
                            (fd,T1cmss,ec) -> t1cmss.fd
                            (fd,T1cmtt,tt,ec,nowarn) -> t1cmtt.fd
                            (fd,T1cmvtt,tt,ec) -> t1cmvtt.fd
                            (fd,TS1cmr,ec) -> ts1cmr.fd
                            (fd,TS1cmss,ec) -> ts1cmss.fd
                            (fd,TS1cmtt,ec,tt) -> ts1cmtt.fd
                            (fd,TS1cmvtt,ec,tt) -> ts1cmvtt.fd
File cmfonts.fdd ended by \endinput.
Lines  processed: 1295
Comments removed: 556
Comments  passed: 0
Codelines passed: 424


Generating file(s) ./t1lcmss.fd ./t1lcmtt.fd 
\openout0 = `./t1lcmss.fd'.

\openout1 = `./t1lcmtt.fd'.


Processing file slifonts.fdd (lcmss,fd,ec) -> t1lcmss.fd
                             (lcmtt,fd,ec) -> t1lcmtt.fd
File slifonts.fdd ended by \endinput.
Lines  processed: 465
Comments removed: 281
Comments  passed: 0
Codelines passed: 103

) (./latex209.ins
*** Generating compatibility mode files ***

Generating file(s) ./latex209.def ./article.sty ./book.sty ./report.sty ./lette
r.sty ./slides.sty ./fleqn.sty ./leqno.sty ./openbib.sty ./bezier.sty ./t1enc.s
ty 
\openout0 = `./latex209.def'.

\openout1 = `./article.sty'.

\openout2 = `./book.sty'.

\openout3 = `./report.sty'.

\openout4 = `./letter.sty'.

\openout5 = `./slides.sty'.

\openout6 = `./fleqn.sty'.

\openout7 = `./leqno.sty'.

\openout8 = `./openbib.sty'.

\openout9 = `./bezier.sty'.

\openout10 = `./t1enc.sty'.


Processing file latex209.dtx (head) -> latex209.def
                             (article) -> article.sty
                             (book) -> book.sty
                             (report) -> report.sty
                             (letter) -> letter.sty
                             (slides) -> slides.sty
                             (fleqn) -> fleqn.sty
                             (leqno) -> leqno.sty
                             (openbib) -> openbib.sty
                             (bezier) -> bezier.sty
                             (t1enc) -> t1enc.sty
File latex209.dtx ended by \endinput.
Lines  processed: 1146
Comments removed: 788
Comments  passed: 15
Codelines passed: 315


Processing file oldlfont.dtx (latex209) -> latex209.def
File oldlfont.dtx ended by \endinput.
Lines  processed: 266
Comments removed: 192
Comments  passed: 18
Codelines passed: 45


Processing file latex209.dtx (tail) -> latex209.def
File latex209.dtx  ended by \endinput.
Lines  processed: 1146
Comments removed: 788
Comments  passed: 15
Codelines passed: 315

) (./docstrip.ins

Generating file(s) ./docstrip.tex 
\openout0 = `./docstrip.tex'.


Processing file docstrip.dtx (initex,program,stats) -> docstrip.tex
File docstrip.dtx ended by \endinput.
Lines  processed: 4358
Comments removed: 3246
Comments  passed: 25
Codelines passed: 1054


Generating file(s) ./ltxdoc.cls 
\openout0 = `./ltxdoc.cls'.


Processing file ltxdoc.dtx (class) -> ltxdoc.cls
Lines  processed: 522
Comments removed: 334
Comments  passed: 0
Codelines passed: 181


Generating file(s) ./doc.sty ./shortvrb.sty ./gind.ist ./gglo.ist 
\openout0 = `./doc.sty'.

\openout1 = `./shortvrb.sty'.

\openout2 = `./gind.ist'.

\openout3 = `./gglo.ist'.


Processing file doc.dtx (package) -> doc.sty
                        (shortvrb) -> shortvrb.sty
                        (gind) -> gind.ist
                        (gglo) -> gglo.ist
File doc.dtx ended by \endinput.
Lines  processed: 4904
Comments removed: 4029
Comments  passed: 18
Codelines passed: 789

) (./ifthen.ins

Generating file(s) ./ifthen.sty 
\openout0 = `./ifthen.sty'.


Processing file ifthen.dtx (package) -> ifthen.sty
File ifthen.dtx ended by \endinput.
Lines  processed: 526
Comments removed: 408
Comments  passed: 6
Codelines passed: 103

) (./graphpap.ins

Generating file(s) ./graphpap.sty 
\openout0 = `./graphpap.sty'.


Processing file graphpap.dtx (package) -> graphpap.sty
Lines  processed: 189
Comments removed: 120
Comments  passed: 5
Codelines passed: 57

) (./makeindx.ins

Generating file(s) ./makeidx.sty ./showidx.sty 
\openout0 = `./makeidx.sty'.

\openout1 = `./showidx.sty'.


Processing file makeindx.dtx (makeidx) -> makeidx.sty
                             (showidx) -> showidx.sty
File makeindx.dtx ended by \endinput.
Lines  processed: 312
Comments removed: 254
Comments  passed: 0
Codelines passed: 50

) (./syntonly.ins

Generating file(s) ./syntonly.sty 
\openout0 = `./syntonly.sty'.


Processing file syntonly.dtx (package) -> syntonly.sty
File syntonly.dtx ended by \endinput.
Lines  processed: 288
Comments removed: 214
Comments  passed: 17
Codelines passed: 48

) (./exscale.ins

Generating file(s) ./exscale.sty 
\openout0 = `./exscale.sty'.


Processing file exscale.dtx (package) -> exscale.sty
File exscale.dtx ended by \endinput.
Lines  processed: 187
Comments removed: 141
Comments  passed: 3
Codelines passed: 31

) (./alltt.ins

Generating file(s) ./alltt.sty 
\openout0 = `./alltt.sty'.


Processing file alltt.dtx (package) -> alltt.sty
File alltt.dtx ended by \endinput.
Lines  processed: 212
Comments removed: 138
Comments  passed: 6
Codelines passed: 59

) (./nfssfont.ins

Generating file(s) ./nfssfont.tex 
\openout0 = `./nfssfont.tex'.


Processing file nfssfont.dtx (code) -> nfssfont.tex
File nfssfont.dtx ended by \endinput.
Lines  processed: 499
Comments removed: 180
Comments  passed: 15
Codelines passed: 300

) (./fixltx2e.ins

Generating file(s) ./fixltx2e.sty 
\openout0 = `./fixltx2e.sty'.


Processing file fixltx2e.dtx (fixltx2e) -> fixltx2e.sty
File fixltx2e.dtx ended by \endinput.
Lines  processed: 2116
Comments removed: 1160
Comments  passed: 15
Codelines passed: 929


Generating file(s) ./fix-cm.sty 
\openout0 = `./fix-cm.sty'.


Processing file fixltx2e.dtx (fix-cm) -> fix-cm.sty
File fixltx2e.dtx ended by \endinput.
Lines  processed: 2116
Comments removed: 1160
Comments  passed: 15
Codelines passed: 929

)

***********************************
*
* Now run INITEX on latex.ltx
*
***********************************

Overall statistics:
Files  processed: 73
Lines  processed: 86298
Comments removed: 55788
Comments  passed: 489
Codelines passed: 26070
 )
No pages of output.
