This is LuaTeX, Version beta-0.76.0-2013070317 (rev 4627)  (INITEX)  4 JAN 2014 22:36
 restricted \write18 enabled.
**dvilualatex.ini

(/home/manuel/Projekte/pdftex.js-1.40.11/texlive/texmf-dist/tex/latex/latexconf
ig/dvilualatex.ini
(/home/manuel/Projekte/pdftex.js-1.40.11/texlive/texmf-dist/tex/latex/latexconf
ig/lualatexiniconfig.tex)
(/home/manuel/Projekte/pdftex.js-1.40.11/texlive/texmf-dist/tex/generic/config/
pdftexconfig.tex)

(/home/manuel/Projekte/pdftex.js-1.40.11/texlive/texmf-dist/tex/latex/base/late
x.ltx
(/home/manuel/Projekte/pdftex.js-1.40.11/texlive/texmf-dist/tex/latex/base/texs
ys.cfg)
./texsys.aux found


\@currdir set to: ./.


Assuming \openin and \input 
have the same search path.


Defining UNIX/DOS style filename parser.

catcodes, registers,
\maxdimen=\dimen10
\hideskip=\skip10
\p@=\dimen11
\z@=\dimen12
\z@skip=\skip11
\voidb@x=\box10
 compatibility for TeX 2,  parameters,
\normalbaselineskip=\skip12
\normallineskip=\skip13
\normallineskiplimit=\dimen13
\interfootnotelinepenalty=\count23
\strutbox=\box11

LaTeX2e <2011/06/27>
hacks,
\@tempcnta=\count24
\@tempcntb=\count25
\@tempdima=\dimen14
\@tempdimb=\dimen15
\@tempdimc=\dimen16
\@tempboxa=\box12
\@tempskipa=\skip14
\@tempskipb=\skip15
\@temptokena=\toks10
\@flushglue=\skip16
 control, par, spacing,
\@savsk=\dimen17
\@savsf=\count26
\smallskipamount=\skip17
\medskipamount=\skip18
\bigskipamount=\skip19
\fill=\skip20
 files,
\@inputcheck=\read0
\@unused=\write0
\@mainaux=\write1
\@partaux=\write2
\@clubpenalty=\count27
 font encodings, lengths,
\everymath=\toks11
\everydisplay=\toks12
\every@math@size=\toks13
\lower@bound=\dimen18
\upper@bound=\dimen19
\c@mv@normal=\count28
\c@mv@bold=\count29

====================================

Local config file fonttext.cfg used

====================================

(/home/manuel/Projekte/pdftex.js-1.40.11/texlive/texmf-dist/tex/latex/base/font
text.cfg
File: fonttext.cfg 2004/02/04 v2.3a LaTeX Kernel (Uncustomised text font setup)

(/home/manuel/Projekte/pdftex.js-1.40.11/texlive/texmf-dist/tex/latex/base/font
text.ltx
File: fonttext.ltx 2004/02/04 v2.3a LaTeX Kernel (Text font setup)

=== Don't modify this file, use a .cfg file instead ===


(/home/manuel/Projekte/pdftex.js-1.40.11/texlive/texmf-dist/tex/latex/base/omle
nc.def
File: omlenc.def 2005/09/27 v1.99g Standard LaTeX file
)
(/home/manuel/Projekte/pdftex.js-1.40.11/texlive/texmf-dist/tex/latex/base/t1en
c.def
File: t1enc.def 2005/09/27 v1.99g Standard LaTeX file
)
(/home/manuel/Projekte/pdftex.js-1.40.11/texlive/texmf-dist/tex/latex/base/ot1e
nc.def
File: ot1enc.def 2005/09/27 v1.99g Standard LaTeX file
)
(/home/manuel/Projekte/pdftex.js-1.40.11/texlive/texmf-dist/tex/latex/base/omse
nc.def
File: omsenc.def 2005/09/27 v1.99g Standard LaTeX file
)
(/home/manuel/Projekte/pdftex.js-1.40.11/texlive/texmf-dist/tex/latex/base/t1cm
r.fd
File: t1cmr.fd 1999/05/25 v2.5h Standard LaTeX font definitions
)
(/home/manuel/Projekte/pdftex.js-1.40.11/texlive/texmf-dist/tex/latex/base/ot1c
mr.fd
File: ot1cmr.fd 1999/05/25 v2.5h Standard LaTeX font definitions
)
(/home/manuel/Projekte/pdftex.js-1.40.11/texlive/texmf-dist/tex/latex/base/ot1c
mss.fd
File: ot1cmss.fd 1999/05/25 v2.5h Standard LaTeX font definitions
)
(/home/manuel/Projekte/pdftex.js-1.40.11/texlive/texmf-dist/tex/latex/base/ot1c
mtt.fd
File: ot1cmtt.fd 1999/05/25 v2.5h Standard LaTeX font definitions
)))
====================================

Local config file fontmath.cfg used

====================================

(/home/manuel/Projekte/pdftex.js-1.40.11/texlive/texmf-dist/tex/latex/base/font
math.cfg
File: fontmath.cfg 2004/02/04 v2.3a LaTeX Kernel (Uncustomised math font setup)

(/home/manuel/Projekte/pdftex.js-1.40.11/texlive/texmf-dist/tex/latex/base/font
math.ltx
File: fontmath.ltx 2004/02/04 v2.3a LaTeX Kernel (Math font setup)

=== Don't modify this file, use a .cfg file instead ===

LaTeX Font Info:    Redeclaring font encoding OML on input line 59.
LaTeX Font Info:    Redeclaring font encoding OMS on input line 60.

(/home/manuel/Projekte/pdftex.js-1.40.11/texlive/texmf-dist/tex/latex/base/omlc
mm.fd
File: omlcmm.fd 1999/05/25 v2.5h Standard LaTeX font definitions
)
(/home/manuel/Projekte/pdftex.js-1.40.11/texlive/texmf-dist/tex/latex/base/omsc
msy.fd
File: omscmsy.fd 1999/05/25 v2.5h Standard LaTeX font definitions
)
(/home/manuel/Projekte/pdftex.js-1.40.11/texlive/texmf-dist/tex/latex/base/omxc
mex.fd
File: omxcmex.fd 1999/05/25 v2.5h Standard LaTeX font definitions
)
(/home/manuel/Projekte/pdftex.js-1.40.11/texlive/texmf-dist/tex/latex/base/ucmr
.fd
File: ucmr.fd 1999/05/25 v2.5h Standard LaTeX font definitions
)
\symoperators=\mathgroup0
\symletters=\mathgroup1
\symsymbols=\mathgroup2
\symlargesymbols=\mathgroup3
LaTeX Font Info:    Overwriting symbol font `operators' in version `bold'
(Font)                  OT1/cmr/m/n --> OT1/cmr/bx/n on input line 78.
LaTeX Font Info:    Overwriting symbol font `letters' in version `bold'
(Font)                  OML/cmm/m/it --> OML/cmm/b/it on input line 79.
LaTeX Font Info:    Overwriting symbol font `symbols' in version `bold'
(Font)                  OMS/cmsy/m/n --> OMS/cmsy/b/n on input line 80.
LaTeX Font Info:    Overwriting math alphabet `\mathsf' in version `bold'
(Font)                  OT1/cmss/m/n --> OT1/cmss/bx/n on input line 88.
LaTeX Font Info:    Overwriting math alphabet `\mathit' in version `bold'
(Font)                  OT1/cmr/m/it --> OT1/cmr/bx/it on input line 89.
))
====================================

Local config file preload.cfg used

=====================================

(/home/manuel/Projekte/pdftex.js-1.40.11/texlive/texmf-dist/tex/latex/base/prel
oad.cfg
File: preload.cfg 2004/02/04 v2.3a LaTeX Kernel (Uncustomised preload font setup
)

(/home/manuel/Projekte/pdftex.js-1.40.11/texlive/texmf-dist/tex/latex/base/prel
oad.ltx
File: preload.ltx 1998/08/17 v2.1g LaTeX Kernel (Font Preloading)
)) page nos., x-ref, environments, center,
\@rightskip=\skip21
 verbatim, math definitions,
\jot=\dimen20
\interdisplaylinepenalty=\count30
\rootbox=\box13
\c@equation=\count31
\@eqcnt=\count32
\@eqpen=\count33
\@centering=\skip22
\topsep=\skip23
\partopsep=\skip24
\itemsep=\skip25
\parsep=\skip26
\@topsep=\skip27
\@topsepadd=\skip28
\@outerparskip=\skip29
\leftmargin=\dimen21
\rightmargin=\dimen22
\listparindent=\dimen23
\itemindent=\dimen24
\labelwidth=\dimen25
\labelsep=\dimen26
\linewidth=\dimen27
\@totalleftmargin=\dimen28
\leftmargini=\dimen29
\leftmarginii=\dimen30
\leftmarginiii=\dimen31
\leftmarginiv=\dimen32
\leftmarginv=\dimen33
\leftmarginvi=\dimen34
\@listdepth=\count34
\@itempenalty=\count35
\@beginparpenalty=\count36
\@endparpenalty=\count37
\@labels=\box14
\par@deathcycles=\count38
\@enumdepth=\count39
\c@enumi=\count40
\c@enumii=\count41
\c@enumiii=\count42
\c@enumiv=\count43
\@itemdepth=\count44

boxes,
\fboxrule=\dimen35
\fboxsep=\dimen36
\@mplistdepth=\count45
\@mpfootins=\insert254
\@gtempa=\dimen37
\@gtempa=\dimen38
\@gtempa=\dimen39
\@gtempa=\dimen40
\@gtempa=\dimen41
\@gtempa=\dimen42
\@gtempa=\dimen43
\@gtempa=\dimen44
\@gtempa=\dimen45
\@gtempa=\dimen46
\@gtempa=\dimen47
\@gtempa=\dimen48
\@gtempa=\dimen49
\@gtempa=\dimen50
\@nxttabmar=\count46
\@curtabmar=\count47
\@curtab=\count48
\@hightab=\count49
\@tabpush=\count50
\@curline=\box15
\@curfield=\box16
\@tabfbox=\box17
\tabbingsep=\dimen51
\@chclass=\count51
\@lastchclass=\count52
\@chnum=\count53
\arraycolsep=\dimen52
\tabcolsep=\dimen53
\arrayrulewidth=\dimen54
\doublerulesep=\dimen55
\@arstrutbox=\box18
\@wholewidth=\dimen56
\@halfwidth=\dimen57
\unitlength=\dimen58
\@picbox=\box19
\@picht=\dimen59
\@ovxx=\dimen60
\@ovyy=\dimen61
\@ovdx=\dimen62
\@ovdy=\dimen63
\@ovro=\dimen64
\@ovri=\dimen65
\@xarg=\count54
\@yarg=\count55
\@yyarg=\count56
\@multicnt=\count57
\@xdim=\dimen66
\@ydim=\dimen67
\@linechar=\box20
\@linelen=\dimen68
\@clnwd=\dimen69
\@clnht=\dimen70
\@dashdim=\dimen71
\@dashbox=\box21
\@dashcnt=\count58
 title, sectioning,
\@secpenalty=\count59
\c@secnumdepth=\count60
\c@tocdepth=\count61
 contents, floats,
\@floatpenalty=\count62
 footnotes,
\footins=\insert253
\c@footnote=\count63
\c@mpfootnote=\count64
\footnotesep=\dimen72
 index, bibliography,
output,
\bx@A=\insert252
\bx@B=\insert251
\bx@C=\insert250
\bx@D=\insert249
\bx@E=\insert248
\bx@F=\insert247
\bx@G=\insert246
\bx@H=\insert245
\bx@I=\insert244
\bx@J=\insert243
\bx@K=\insert242
\bx@L=\insert241
\bx@M=\insert240
\bx@N=\insert239
\bx@O=\insert238
\bx@P=\insert237
\bx@Q=\insert236
\bx@R=\insert235
\topmargin=\dimen73
\oddsidemargin=\dimen74
\evensidemargin=\dimen75
\headheight=\dimen76
\headsep=\dimen77
\footskip=\dimen78
\textheight=\dimen79
\textwidth=\dimen80
\columnwidth=\dimen81
\columnsep=\dimen82
\columnseprule=\dimen83
\marginparwidth=\dimen84
\marginparsep=\dimen85
\marginparpush=\dimen86
\@begindvibox=\box22
\@maxdepth=\dimen87
\paperheight=\dimen88
\paperwidth=\dimen89
\col@number=\count65
\@topnum=\count66
\@toproom=\dimen90
\@dbltopnum=\count67
\@dbltoproom=\dimen91
\@botnum=\count68
\@botroom=\dimen92
\@colnum=\count69
\@textmin=\dimen93
\@fpmin=\dimen94
\@colht=\dimen95
\@colroom=\dimen96
\@pageht=\dimen97
\@pagedp=\dimen98
\@mparbottom=\dimen99
\@currtype=\count70
\@outputbox=\box23
\@leftcolumn=\box24
\@holdpg=\box25
\@kludgeins=\insert234
\@fpstype=\count71
\@reqcolroom=\dimen100
\@textfloatsheight=\dimen101
\c@topnumber=\count72
\c@bottomnumber=\count73
\c@totalnumber=\count74
\c@dbltopnumber=\count75
\floatsep=\skip30
\textfloatsep=\skip31
\intextsep=\skip32
\dblfloatsep=\skip33
\dbltextfloatsep=\skip34
\@fptop=\skip35
\@fpsep=\skip36
\@fpbot=\skip37
\@dblfptop=\skip38
\@dblfpsep=\skip39
\@dblfpbot=\skip40
\@lowpenalty=\count76
\@medpenalty=\count77
\@highpenalty=\count78

===========================================
Local configuration file hyphen.cfg used
===========================================

(/home/manuel/Projekte/pdftex.js-1.40.11/texlive/texmf-dist/tex/generic/babel/h
yphen.cfg
File: hyphen.cfg 2013/12/03 3.9h Babel hyphens

(/home/manuel/Projekte/pdftex.js-1.40.11/texlive/texmf-dist/tex/generic/babel/l
uababel.def
luatex-hyphen: using data file: /home/manuel/Projekte/pdftex.js-1.40.11/texlive/
texmf-var/tex/generic/config/language.dat.lua)
(/home/manuel/Projekte/pdftex.js-1.40.11/texlive/texmf-dist/tex/generic/babel/s
witch.def
File: switch.def 2013/12/03 3.9h Babel switching mechanism
)
\l@english=\language0

(/home/manuel/Projekte/pdftex.js-1.40.11/texlive/texmf-dist/tex/generic/hyphen/
hyphen.tex)
\l@usenglish=\language0
\l@USenglish=\language0
\l@american=\language0
\l@dumylang=\language1

(/home/manuel/Projekte/pdftex.js-1.40.11/texlive/texmf-dist/tex/generic/hyphen/
dumyhyph.tex)
\l@nohyphenation=\language2

(/home/manuel/Projekte/pdftex.js-1.40.11/texlive/texmf-dist/tex/generic/hyphen/
zerohyph.tex))
=================================
Applying patch file ltpatch.ltx
=================================

(/home/manuel/Projekte/pdftex.js-1.40.11/texlive/texmf-dist/tex/latex/base/ltpa
tch.ltx)
)
(/home/manuel/Projekte/pdftex.js-1.40.11/texlive/texmf-dist/tex/latex/latexconf
ig/lualatex-patch-kernel.tex)
(/home/manuel/Projekte/pdftex.js-1.40.11/texlive/texmf-dist/tex/latex/latexconf
ig/lualatexquotejobname.tex)
(/home/manuel/Projekte/pdftex.js-1.40.11/texlive/texmf-dist/tex/latex/latexconf
ig/lualatex-reset-codes.tex)
(/home/manuel/Projekte/pdftex.js-1.40.11/texlive/texmf-dist/tex/generic/config/
luatex-unicode-letters.tex loading Unicode properties) )
Beginning to dump on file dvilualatex.fmt
 (format=dvilualatex 2014.1.4)
5181 strings using 33747 bytes
150703 memory locations dumped; current usage is 124&46876
3724 multiletter control sequences
\font\nullfont=nullfont
\font\OMX/cmex/m/n/10=cmex10
\font\tenln=line10
\font\tenlnw=linew10
\font\tencirc=lcircle10
\font\tencircw=lcirclew10
\font\OT1/cmr/m/n/5=cmr5
\font\OT1/cmr/m/n/7=cmr7
\font\OT1/cmr/m/n/10=cmr10
\font\OML/cmm/m/it/5=cmmi5
\font\OML/cmm/m/it/7=cmmi7
\font\OML/cmm/m/it/10=cmmi10
\font\OMS/cmsy/m/n/5=cmsy5
\font\OMS/cmsy/m/n/7=cmsy7
\font\OMS/cmsy/m/n/10=cmsy10
14 preloaded fonts
0 words of pdf memory
0 indirect objects
No pages of output.

