This is LuaTeX, Version beta-0.76.0-2013070317 (rev 4627)  (INITEX)  4 JAN 2014 22:36
 restricted \write18 enabled.
**dviluatex.ini

(/home/manuel/Projekte/pdftex.js-1.40.11/texlive/texmf-dist/tex/plain/config/dv
iluatex.ini
(/home/manuel/Projekte/pdftex.js-1.40.11/texlive/texmf-dist/tex/generic/config/
luatexiniconfig.tex)
(/home/manuel/Projekte/pdftex.js-1.40.11/texlive/texmf-dist/tex/generic/config/
luatex-unicode-letters.tex loading Unicode properties)
(/home/manuel/Projekte/pdftex.js-1.40.11/texlive/texmf-dist/tex/plain/config/et
ex.ini
(/home/manuel/Projekte/pdftex.js-1.40.11/texlive/texmf-dist/tex/luatex/hyph-utf
8/etex.src
(/home/manuel/Projekte/pdftex.js-1.40.11/texlive/texmf-dist/tex/plain/base/plai
n.tex Preloading the plain format: codes, registers,
\maxdimen=\dimen10
\hideskip=\skip10
\centering=\skip11
\p@=\dimen11
\z@=\dimen12
\z@skip=\skip12
\voidb@x=\box10
 parameters,
\smallskipamount=\skip13
\medskipamount=\skip14
\bigskipamount=\skip15
\normalbaselineskip=\skip16
\normallineskip=\skip17
\normallineskiplimit=\dimen13
\jot=\dimen14
\interdisplaylinepenalty=\count23
\interfootnotelinepenalty=\count24
 fonts,
more fonts,
\itfam=\fam4
\slfam=\fam5
\bffam=\fam6
\ttfam=\fam7
 macros,
\strutbox=\box11
\mscount=\count25
\tabs=\box12
\tabsyet=\box13
\tabsdone=\box14
 math definitions,
\rootbox=\box15
\p@renwd=\dimen15
 output routines,
\headline=\toks10
\footline=\toks11
\footins=\insert254
\topins=\insert253
 hyphenation
(/home/manuel/Projekte/pdftex.js-1.40.11/texlive/texmf-dist/tex/generic/hyphen/
hyphen.tex [skipping from \patterns to end-of-file...]))
\et@xinput=\read0
\et@xtoks=\toks12

(/home/manuel/Projekte/pdftex.js-1.40.11/texlive/texmf-dist/tex/plain/etex/etex
defs.lib Skipping module "grouptypes"; Loading module "interactionmodes";
Skipping module "nodetypes"; Skipping module "iftypes";)
(/home/manuel/Projekte/pdftex.js-1.40.11/texlive/texmf-var/tex/generic/config/l
anguage.def
\lang@USenglish=\language0
luatex-hyphen: using data file: /home/manuel/Projekte/pdftex.js-1.40.11/texlive/
texmf-var/tex/generic/config/language.dat.lua
(/home/manuel/Projekte/pdftex.js-1.40.11/texlive/texmf-dist/tex/generic/hyphen/
hyphen.tex)) Augmenting the Plain TeX definitions: \tracingall;
Adding new e-TeX definitions: \eTeX, \loggingall, \tracingnone,
register allocation;
\et@xins=\count26
 extended register allocation; 
Recycling: \addlanguage, \@nswer (not defined), \@sk, \b@dresponsetrue,
\b@dresponsefalse, \ch@ckforyn, \mayber@cycle, \et@xabort, \et@xbuf,
\et@xfmtsrc, \et@xfilehdr, \et@xinf, \et@xpatterns, \l@ngdefnfile, \n@xt,
\p@rse (not defined), \pr@mpt (not defined), \pr@mptloop (not defined),
\forcer@cycle, \usef@llback, \usef@llbacktrue, \usef@llbackfalse, 
Retaining: \et@xerr, \et@xinput, \et@xlibhdr, \et@xmsg, \et@xtoks, \et@xwarn,
\et@xl@@d, \et@xl@ad, \et@xload, \et@xlang, \et@xhash, \eTeX, \etexhdrchk,
\etexstatus, \module, \uselanguage, \r@tain, \r@cycle,) ) )
Beginning to dump on file dviluatex.fmt
 (format=dviluatex 2014.1.4)
3089 strings using 9534 bytes
68807 memory locations dumped; current usage is 103&7700
1705 multiletter control sequences
\font\nullfont=nullfont
\font\tenrm=cmr10
\font\preloaded=cmr9
\font\preloaded=cmr8
\font\sevenrm=cmr7
\font\preloaded=cmr6
\font\fiverm=cmr5
\font\teni=cmmi10
\font\preloaded=cmmi9
\font\preloaded=cmmi8
\font\seveni=cmmi7
\font\preloaded=cmmi6
\font\fivei=cmmi5
\font\tensy=cmsy10
\font\preloaded=cmsy9
\font\preloaded=cmsy8
\font\sevensy=cmsy7
\font\preloaded=cmsy6
\font\fivesy=cmsy5
\font\tenex=cmex10
\font\preloaded=cmss10
\font\preloaded=cmssq8
\font\preloaded=cmssi10
\font\preloaded=cmssqi8
\font\tenbf=cmbx10
\font\preloaded=cmbx9
\font\preloaded=cmbx8
\font\sevenbf=cmbx7
\font\preloaded=cmbx6
\font\fivebf=cmbx5
\font\tentt=cmtt10
\font\preloaded=cmtt9
\font\preloaded=cmtt8
\font\preloaded=cmsltt10
\font\tensl=cmsl10
\font\preloaded=cmsl9
\font\preloaded=cmsl8
\font\tenit=cmti10
\font\preloaded=cmti9
\font\preloaded=cmti8
\font\preloaded=cmti7
\font\preloaded=cmu10
\font\preloaded=cmmib10
\font\preloaded=cmbsy10
\font\preloaded=cmcsc10
\font\preloaded=cmssbx10
\font\preloaded=cmdunh10
\font\preloaded=cmr7 at 14.51799pt
\font\preloaded=cmtt10 at 14.4pt
\font\preloaded=cmssbx10 at 14.4pt
\font\preloaded=manfnt
50 preloaded fonts
0 words of pdf memory
0 indirect objects
No pages of output.

