This is pdfTeX, Version 3.1415926-2.5-1.40.14 (TeX Live 2013) (INITEX)  4 JAN 2014 22:36
 restricted \write18 enabled.
 %&-line parsing enabled.
 (/home/manuel/Projekte/pdftex.js-1.40.11/texlive/texmf-dist/web2c/cp227.tcx)
**mptopdf.tex

(/home/manuel/Projekte/pdftex.js-1.40.11/texlive/texmf-dist/tex/generic/context
/mptopdf/mptopdf.tex
(/home/manuel/Projekte/pdftex.js-1.40.11/texlive/texmf-dist/tex/context/base/sy
st-tex.mkii
(/home/manuel/Projekte/pdftex.js-1.40.11/texlive/texmf-dist/tex/plain/base/plai
n.tex Preloading the plain format: codes, registers,
\maxdimen=\dimen10
\hideskip=\skip10
\centering=\skip11
\p@=\dimen11
\z@=\dimen12
\z@skip=\skip12
\voidb@x=\box10
 parameters,
\smallskipamount=\skip13
\medskipamount=\skip14
\bigskipamount=\skip15
\normalbaselineskip=\skip16
\normallineskip=\skip17
\normallineskiplimit=\dimen13
\jot=\dimen14
\interdisplaylinepenalty=\count23
\interfootnotelinepenalty=\count24
 fonts,
skipping \font in plain
skipping \font in plain
skipping \font in plain
skipping \font in plain
skipping \font in plain
skipping \font in plain
skipping \font in plain
skipping \font in plain
skipping \font in plain
skipping \font in plain
skipping \font in plain
skipping \font in plain
skipping \font in plain
skipping \font in plain
skipping \font in plain
skipping \font in plain
skipping \font in plain
skipping \font in plain
skipping \font in plain
skipping \font in plain
skipping \font in plain
skipping \font in plain
skipping \font in plain
skipping \font in plain
skipping \font in plain
skipping \font in plain
skipping \font in plain
skipping \font in plain
skipping \font in plain
skipping \font in plain
skipping \font in plain
skipping \font in plain
skipping \font in plain
skipping \font in plain
skipping \font in plain
skipping \font in plain
skipping \font in plain
skipping \font in plain
skipping \font in plain
skipping \font in plain
more fonts,
skipping \font in plain
skipping \font in plain
skipping \font in plain
skipping \font in plain
skipping \font in plain
skipping \font in plain
skipping scaled \font in plain
skipping scaled \font in plain
skipping scaled \font in plain
skipping \font in plain
skipping \skewchar in plain
skipping \skewchar in plain
skipping \skewchar in plain
skipping \skewchar in plain
skipping \skewchar in plain
skipping \skewchar in plain
skipping \textfont in plain
skipping \scriptfont in plain
skipping \scriptscriptfont in plain
skipping \textfont in plain
skipping \scriptfont in plain
skipping \scriptscriptfont in plain
skipping \textfont in plain
skipping \scriptfont in plain
skipping \scriptscriptfont in plain
skipping \textfont in plain
skipping \scriptfont in plain
skipping \scriptscriptfont in plain
\itfam=\fam4
skipping \textfont in plain
\slfam=\fam5
skipping \textfont in plain
\bffam=\fam6
skipping \textfont in plain
skipping \scriptfont in plain
skipping \scriptscriptfont in plain
\ttfam=\fam7
skipping \textfont in plain
macros,
\strutbox=\box11
\mscount=\count25
\tabs=\box12
\tabsyet=\box13
\tabsdone=\box14
 math definitions,
\rootbox=\box15
\p@renwd=\dimen15

skipping used \tenex in plain
output routines,
\headline=\toks10
\footline=\toks11
\footins=\insert254
\topins=\insert253
 hyphenation
skipping \input in plain
skipping \tenrm in plain
))
(/home/manuel/Projekte/pdftex.js-1.40.11/texlive/texmf-dist/tex/context/base/su
pp-mis.mkii
loading : ConTeXt Support Macros / Miscellaneous (2004.10.26)
)
(/home/manuel/Projekte/pdftex.js-1.40.11/texlive/texmf-dist/tex/context/base/su
pp-pdf.mkii
loading : ConTeXt Support Macros / PDF
)
(/home/manuel/Projekte/pdftex.js-1.40.11/texlive/texmf-dist/tex/context/base/su
pp-mpe.mkii
loading : ConTeXt Support Macros / MPS extensions
) )
Beginning to dump on file mptopdf.fmt
 (format=mptopdf 2014.1.4)
3279 strings of total length 49089
13893 memory locations dumped; current usage is 116&13746
1657 multiletter control sequences
\font\nullfont=nullfont
0 words of font info for 0 preloaded fonts
0 hyphenation exceptions
Hyphenation trie of length 256 has 0 ops out of 35111
0 words of pdfTeX memory
0 indirect objects
No pages of output.
