This is METAFONT, Version 2.718281 (TeX Live 2013) (INIMF)  4 JAN 2014 22:36
(/home/manuel/Projekte/pdftex.js-1.40.11/texlive/texmf-dist/web2c/cp227.tcx)
**mf.ini

(/home/manuel/Projekte/pdftex.js-1.40.11/texlive/texmf-dist/metafont/config/mf.
ini
(/home/manuel/Projekte/pdftex.js-1.40.11/texlive/texmf-dist/metafont/base/plain
.mf
Preloading the plain base, version 2.71: preliminaries,
 basic constants and mathematical macros,
 macros for converting from device-independent units to pixels,
 macros and tables for various modes of operation,
 macros for drawing and filling,
 macros for proof labels and rules,
 macros for character and font administration,
and a few last-minute items.)
(/home/manuel/Projekte/pdftex.js-1.40.11/texlive/texmf-dist/metafont/misc/modes
.mf) )
Beginning to dump on file mf.base
 (base=mf 2014.1.4)
2226 strings of total length 30178
11864 memory locations dumped; current usage is 3658&7844
1004 symbolic tokens
