Automated TeX Live installation using profile: profile.input
Loading http://ftp.fau.de/ctan/systems/texlive/tlnet/tlpkg/texlive.tlpdb
Installing TeX Live 2013 from: http://ftp.fau.de/ctan/systems/texlive/tlnet
Platform: i386-linux => 'Intel x86 with GNU/Linux'
Distribution: net  (downloading)
Using URL: http://ftp.fau.de/ctan/systems/texlive/tlnet
Directory for temporary files: /tmp
Installer revision: 31659
Database revision: 32551
Settings:
  TEXDIR: "/home/manuel/Projekte/pdftex.js-1.40.11/texlive"
  TEXMFCONFIG: "~/.texlive2013/texmf-config"
  TEXMFHOME: "~/texmf"
  TEXMFLOCAL: "/home/manuel/Projekte/pdftex.js-1.40.11/texlive/texmf-local"
  TEXMFSYSCONFIG: "/home/manuel/Projekte/pdftex.js-1.40.11/texlive/texmf-config"
  TEXMFSYSVAR: "/home/manuel/Projekte/pdftex.js-1.40.11/texlive/texmf-var"
  TEXMFVAR: "/home/manuel/Projekte/pdftex.js-1.40.11/home/texmf-var"
  binary_alpha-linux: "0"
  binary_amd64-freebsd: "0"
  binary_amd64-kfreebsd: "0"
  binary_amd64-netbsd: "0"
  binary_armel-linux: "0"
  binary_armhf-linux: "0"
  binary_i386-cygwin: "0"
  binary_i386-freebsd: "0"
  binary_i386-kfreebsd: "0"
  binary_i386-linux: "1"
  binary_i386-netbsd: "0"
  binary_i386-solaris: "0"
  binary_mips-irix: "0"
  binary_mipsel-linux: "0"
  binary_powerpc-linux: "0"
  binary_sparc-solaris: "0"
  binary_universal-darwin: "0"
  binary_win32: "0"
  binary_x86_64-darwin: "0"
  binary_x86_64-linux: "0"
  binary_x86_64-solaris: "0"
  collection-basic: "1"
  collection-bibtexextra: "0"
  collection-binextra: "0"
  collection-context: "0"
  collection-fontsextra: "0"
  collection-fontsrecommended: "0"
  collection-fontutils: "0"
  collection-formatsextra: "0"
  collection-games: "0"
  collection-genericextra: "0"
  collection-genericrecommended: "0"
  collection-htmlxml: "0"
  collection-humanities: "0"
  collection-langafrican: "0"
  collection-langarabic: "0"
  collection-langcjk: "0"
  collection-langcyrillic: "0"
  collection-langczechslovak: "0"
  collection-langenglish: "0"
  collection-langeuropean: "0"
  collection-langfrench: "0"
  collection-langgerman: "0"
  collection-langgreek: "0"
  collection-langindic: "0"
  collection-langitalian: "0"
  collection-langother: "0"
  collection-langpolish: "0"
  collection-langportuguese: "0"
  collection-langspanish: "0"
  collection-latex: "1"
  collection-latexextra: "0"
  collection-latexrecommended: "0"
  collection-luatex: "0"
  collection-mathextra: "0"
  collection-metapost: "0"
  collection-music: "0"
  collection-omega: "0"
  collection-pictures: "0"
  collection-plainextra: "0"
  collection-pstricks: "0"
  collection-publishers: "0"
  collection-science: "0"
  collection-texworks: "0"
  collection-wintools: "0"
  collection-xetex: "0"
  doc_splitting_supported: "1"
  in_place: "0"
  inst_platform: "i386-linux"
  n_collections_available: "45"
  n_collections_selected: "44"
  n_systems_available: "21"
  n_systems_selected: "1"
  option_adjustrepo: "1"
  option_autobackup: "1"
  option_backupdir: "tlpkg/backups"
  option_desktop_integration: "1"
  option_doc: "1"
  option_file_assocs: "1"
  option_fmt: "1"
  option_letter: "0"
  option_menu_integration: "1"
  option_path: "0"
  option_post_code: "1"
  option_src: "1"
  option_sys_bin: "/usr/local/bin"
  option_sys_info: "/usr/local/share/info"
  option_sys_man: "/usr/local/share/man"
  option_w32_multi_user: "0"
  option_write18_restricted: "1"
  portable: "0"
  selected_scheme: "scheme-basic"
  src_splitting_supported: "1"
  this_platform: "i386-linux"
  total_size: "0"
Installing to: /home/manuel/Projekte/pdftex.js-1.40.11/texlive
Installing [01/82, time/total: ??:??/??:??]: ae [84k]
Installing [02/82, time/total: 00:01/12:50]: amscls [1066k]
Installing [03/82, time/total: 00:03/02:47]: amsfonts [4725k]
Installing [04/82, time/total: 00:07/01:16]: amsmath [2256k]
Installing [05/82, time/total: 00:08/01:02]: babel [462k]
Installing [06/82, time/total: 00:09/01:07]: babel-english [134k]
Installing [07/82, time/total: 00:09/01:06]: babelbib [1239k]
Installing [08/82, time/total: 00:11/01:10]: bibtex [389k]
Installing [09/82, time/total: 00:11/01:08]: bibtex.i386-linux [61k]
Installing [10/82, time/total: 00:12/01:13]: carlisle [34k]
Installing [11/82, time/total: 00:12/01:13]: cm [238k]
Installing [12/82, time/total: 00:12/01:11]: collection-basic [1k]
Installing [13/82, time/total: 00:13/01:17]: collection-latex [1k]
Installing [14/82, time/total: 00:13/01:17]: colortbl [556k]
Installing [15/82, time/total: 00:13/01:14]: dvipdfmx [341k]
Installing [16/82, time/total: 00:14/01:17]: dvipdfmx-def [3k]
Installing [17/82, time/total: 00:14/01:17]: dvipdfmx.i386-linux [321k]
Installing [18/82, time/total: 00:15/01:20]: dvips [598k]
Installing [19/82, time/total: 00:17/01:27]: dvips.i386-linux [125k]
Installing [20/82, time/total: 00:18/01:31]: enctex [247k]
Installing [21/82, time/total: 00:18/01:29]: etex [197k]
Installing [22/82, time/total: 00:19/01:33]: etex-pkg [6k]
Installing [23/82, time/total: 00:19/01:33]: fancyhdr [250k]
Installing [24/82, time/total: 00:20/01:36]: fix2col [78k]
Installing [25/82, time/total: 00:20/01:35]: geometry [228k]
Installing [26/82, time/total: 00:20/01:33]: glyphlist [25k]
Installing [27/82, time/total: 00:20/01:33]: graphics [725k]
Installing [28/82, time/total: 00:22/01:37]: gsftopk [16k]
Installing [29/82, time/total: 00:22/01:37]: gsftopk.i386-linux [37k]
Installing [30/82, time/total: 00:22/01:37]: hyperref [3729k]
Installing [31/82, time/total: 00:26/01:31]: hyph-utf8 [1680k]
Installing [32/82, time/total: 00:28/01:30]: hyphen-base [22k]
Installing [33/82, time/total: 00:28/01:30]: ifluatex [132k]
Installing [34/82, time/total: 00:28/01:29]: ifxetex [166k]
Installing [35/82, time/total: 00:28/01:28]: kpathsea [1091k]
Installing [36/82, time/total: 00:29/01:27]: kpathsea.i386-linux [43k]
Installing [37/82, time/total: 00:29/01:27]: latex [8576k]
Installing [38/82, time/total: 00:35/01:15]: latex-bin [20k]
Installing [39/82, time/total: 00:35/01:14]: latex-bin.i386-linux [1k]
Installing [40/82, time/total: 00:35/01:14]: latex-fonts [19k]
Installing [41/82, time/total: 00:35/01:14]: latexconfig [8k]
Installing [42/82, time/total: 00:35/01:14]: ltxmisc [16k]
Installing [43/82, time/total: 00:35/01:14]: lua-alt-getopt [6k]
Installing [44/82, time/total: 00:35/01:14]: luatex [973k]
Installing [45/82, time/total: 00:38/01:18]: luatex.i386-linux [5438k]
Installing [46/82, time/total: 00:45/01:19]: makeindex [294k]
Installing [47/82, time/total: 00:46/01:20]: makeindex.i386-linux [42k]
Installing [48/82, time/total: 00:46/01:20]: metafont [71k]
Installing [49/82, time/total: 00:46/01:20]: metafont.i386-linux [162k]
Installing [50/82, time/total: 00:47/01:21]: mflogo [260k]
Installing [51/82, time/total: 00:47/01:20]: mfnfss [187k]
Installing [52/82, time/total: 00:48/01:22]: mfware [28k]
Installing [53/82, time/total: 00:48/01:22]: mfware.i386-linux [101k]
Installing [54/82, time/total: 00:48/01:21]: misc [42k]
Installing [55/82, time/total: 00:49/01:23]: mptopdf [44k]
Installing [56/82, time/total: 00:49/01:23]: mptopdf.i386-linux [1k]
Installing [57/82, time/total: 00:49/01:23]: natbib [493k]
Installing [58/82, time/total: 00:50/01:24]: oberdiek [15839k]
Installing [59/82, time/total: 01:10/01:23]: pdftex [2822k]
Installing [60/82, time/total: 01:15/01:24]: pdftex-def [14k]
Installing [61/82, time/total: 01:15/01:24]: pdftex.i386-linux [588k]
Installing [62/82, time/total: 01:16/01:24]: plain [42k]
Installing [63/82, time/total: 01:16/01:24]: pslatex [7k]
Installing [64/82, time/total: 01:17/01:25]: psnfss [502k]
Installing [65/82, time/total: 01:17/01:25]: pspicture [50k]
Installing [66/82, time/total: 01:18/01:26]: tetex [383k]
Installing [67/82, time/total: 01:20/01:27]: tetex.i386-linux [1k]
Installing [68/82, time/total: 01:20/01:27]: tex [23k]
Installing [69/82, time/total: 01:20/01:27]: tex.i386-linux [147k]
Installing [70/82, time/total: 01:21/01:28]: texconfig [22k]
Installing [71/82, time/total: 01:21/01:28]: texconfig.i386-linux [1k]
Installing [72/82, time/total: 01:21/01:28]: texlive-common [284k]
Installing [73/82, time/total: 01:22/01:29]: texlive-docindex [201k]
Installing [74/82, time/total: 01:22/01:28]: texlive-en [1063k]
Installing [75/82, time/total: 01:23/01:28]: texlive-msg-translations [104k]
Installing [76/82, time/total: 01:24/01:29]: texlive-scripts [83k]
Installing [77/82, time/total: 01:24/01:29]: texlive-scripts.i386-linux [1k]
Installing [78/82, time/total: 01:24/01:29]: texlive.infra [299k]
Installing [79/82, time/total: 01:24/01:28]: texlive.infra.i386-linux [80k]
Installing [80/82, time/total: 01:25/01:29]: tools [2804k]
Installing [81/82, time/total: 01:27/01:27]: xdvi [158k]
Installing [82/82, time/total: 01:28/01:28]: xdvi.i386-linux [443k]
Time used for installing the packages: 01:28
running mktexlsr /home/manuel/Projekte/pdftex.js-1.40.11/texlive/texmf-dist ...
writing fmtutil.cnf to /home/manuel/Projekte/pdftex.js-1.40.11/texlive/texmf-var/web2c/fmtutil.cnf
writing updmap.cfg to /home/manuel/Projekte/pdftex.js-1.40.11/texlive/texmf-dist/web2c/updmap.cfg
writing language.dat to /home/manuel/Projekte/pdftex.js-1.40.11/texlive/texmf-var/tex/generic/config/language.dat
writing language.def to /home/manuel/Projekte/pdftex.js-1.40.11/texlive/texmf-var/tex/generic/config/language.def
writing language.dat.lua to /home/manuel/Projekte/pdftex.js-1.40.11/texlive/texmf-var/tex/generic/config/language.dat.lua
running mktexlsr /home/manuel/Projekte/pdftex.js-1.40.11/texlive/texmf-var /home/manuel/Projekte/pdftex.js-1.40.11/texlive/texmf-config /home/manuel/Projekte/pdftex.js-1.40.11/texlive/texmf-dist ...
running updmap-sys...updmap is using the following updmap.cfg files (in precedence order):
  /home/manuel/Projekte/pdftex.js-1.40.11/texlive/texmf-dist/web2c/updmap.cfg
updmap is using the following updmap.cfg file for writing changes:
  /home/manuel/Projekte/pdftex.js-1.40.11/texlive/texmf-config/web2c/updmap.cfg
dvips output dir: "/home/manuel/Projekte/pdftex.js-1.40.11/texlive/texmf-var/fonts/map/dvips/updmap"
pdftex output dir: "/home/manuel/Projekte/pdftex.js-1.40.11/texlive/texmf-var/fonts/map/pdftex/updmap"
dvipdfmx output dir: "/home/manuel/Projekte/pdftex.js-1.40.11/texlive/texmf-var/fonts/map/dvipdfmx/updmap"

updmap is creating new map files
using the following configuration:
  LW35 font names                  : URWkb (/home/manuel/Projekte/pdftex.js-1.40.11/texlive/texmf-dist/web2c/updmap.cfg)
  prefer outlines                  : true (/home/manuel/Projekte/pdftex.js-1.40.11/texlive/texmf-dist/web2c/updmap.cfg)
  texhash enabled                  : false
  download standard fonts (dvips)  : true (/home/manuel/Projekte/pdftex.js-1.40.11/texlive/texmf-dist/web2c/updmap.cfg)
  download standard fonts (pdftex) : true (/home/manuel/Projekte/pdftex.js-1.40.11/texlive/texmf-dist/web2c/updmap.cfg)
  kanjiEmbed replacement string    : noEmbed (/home/manuel/Projekte/pdftex.js-1.40.11/texlive/texmf-dist/web2c/updmap.cfg)
  kanjiVariant replacement string  :  (default)
  create a mapfile for pxdvi       : false (default)

Scanning for LW35 support files  [  3 files]
Scanning for MixedMap entries    [  7 files]
Scanning for KanjiMap entries    [  0 files]
Scanning for Map entries         [  6 files]

Generating output for dvipdfmx...
Generating output for ps2pk...
Generating output for dvips...
Generating output for pdftex...

Files generated:
  /home/manuel/Projekte/pdftex.js-1.40.11/texlive/texmf-var/fonts/map/dvips/updmap:
       15844 2014-01-04 22:36:00 builtin35.map
       21317 2014-01-04 22:36:00 download35.map
       23944 2014-01-04 22:36:00 psfonts_pk.map
       28031 2014-01-04 22:36:00 psfonts_t1.map
       28026 2014-01-04 22:36:00 ps2pk.map
          14 2014-01-04 22:36:00 psfonts.map -> psfonts_t1.map
  /home/manuel/Projekte/pdftex.js-1.40.11/texlive/texmf-var/fonts/map/pdftex/updmap:
       28033 2014-01-04 22:36:00 pdftex_dl14.map
       26368 2014-01-04 22:36:00 pdftex_ndl14.map
          15 2014-01-04 22:36:00 pdftex.map -> pdftex_dl14.map
  /home/manuel/Projekte/pdftex.js-1.40.11/texlive/texmf-var/fonts/map/dvipdfmx/updmap:
         367 2014-01-04 22:36:00 kanjix.map

Transcript written on "/home/manuel/Projekte/pdftex.js-1.40.11/texlive/texmf-var/web2c/updmap.log".
done
re-running mktexlsr /home/manuel/Projekte/pdftex.js-1.40.11/texlive/texmf-var /home/manuel/Projekte/pdftex.js-1.40.11/texlive/texmf-config...
pre-generating all format files (fmtutil-sys --all), be patient...fmtutil: running `pdftex -ini   -jobname=latex -progname=latex -translate-file=cp227.tcx *latex.ini' ...
This is pdfTeX, Version 3.1415926-2.5-1.40.14 (TeX Live 2013) (INITEX)
 restricted \write18 enabled.
 (/home/manuel/Projekte/pdftex.js-1.40.11/texlive/texmf-dist/web2c/cp227.tcx)
entering extended mode

(/home/manuel/Projekte/pdftex.js-1.40.11/texlive/texmf-dist/tex/latex/latexconf
ig/latex.ini
(/home/manuel/Projekte/pdftex.js-1.40.11/texlive/texmf-dist/tex/generic/config/
pdftexconfig.tex)

(/home/manuel/Projekte/pdftex.js-1.40.11/texlive/texmf-dist/tex/latex/base/late
x.ltx
(/home/manuel/Projekte/pdftex.js-1.40.11/texlive/texmf-dist/tex/latex/base/texs
ys.cfg)
./texsys.aux found


\@currdir set to: ./.


Assuming \openin and \input 
have the same search path.


Defining UNIX/DOS style filename parser.

catcodes, registers, compatibility for TeX 2,  parameters,
LaTeX2e <2011/06/27>
hacks, control, par, spacing, files, font encodings, lengths,
====================================

Local config file fonttext.cfg used

====================================

(/home/manuel/Projekte/pdftex.js-1.40.11/texlive/texmf-dist/tex/latex/base/font
text.cfg
(/home/manuel/Projekte/pdftex.js-1.40.11/texlive/texmf-dist/tex/latex/base/font
text.ltx
=== Don't modify this file, use a .cfg file instead ===


(/home/manuel/Projekte/pdftex.js-1.40.11/texlive/texmf-dist/tex/latex/base/omle
nc.def)
(/home/manuel/Projekte/pdftex.js-1.40.11/texlive/texmf-dist/tex/latex/base/t1en
c.def)
(/home/manuel/Projekte/pdftex.js-1.40.11/texlive/texmf-dist/tex/latex/base/ot1e
nc.def)
(/home/manuel/Projekte/pdftex.js-1.40.11/texlive/texmf-dist/tex/latex/base/omse
nc.def)
(/home/manuel/Projekte/pdftex.js-1.40.11/texlive/texmf-dist/tex/latex/base/t1cm
r.fd)
(/home/manuel/Projekte/pdftex.js-1.40.11/texlive/texmf-dist/tex/latex/base/ot1c
mr.fd)
(/home/manuel/Projekte/pdftex.js-1.40.11/texlive/texmf-dist/tex/latex/base/ot1c
mss.fd)
(/home/manuel/Projekte/pdftex.js-1.40.11/texlive/texmf-dist/tex/latex/base/ot1c
mtt.fd)))
====================================

Local config file fontmath.cfg used

====================================

(/home/manuel/Projekte/pdftex.js-1.40.11/texlive/texmf-dist/tex/latex/base/font
math.cfg
(/home/manuel/Projekte/pdftex.js-1.40.11/texlive/texmf-dist/tex/latex/base/font
math.ltx
=== Don't modify this file, use a .cfg file instead ===


(/home/manuel/Projekte/pdftex.js-1.40.11/texlive/texmf-dist/tex/latex/base/omlc
mm.fd)
(/home/manuel/Projekte/pdftex.js-1.40.11/texlive/texmf-dist/tex/latex/base/omsc
msy.fd)
(/home/manuel/Projekte/pdftex.js-1.40.11/texlive/texmf-dist/tex/latex/base/omxc
mex.fd)
(/home/manuel/Projekte/pdftex.js-1.40.11/texlive/texmf-dist/tex/latex/base/ucmr
.fd)))
====================================

Local config file preload.cfg used

=====================================

(/home/manuel/Projekte/pdftex.js-1.40.11/texlive/texmf-dist/tex/latex/base/prel
oad.cfg
(/home/manuel/Projekte/pdftex.js-1.40.11/texlive/texmf-dist/tex/latex/base/prel
oad.ltx)) page nos., x-ref, environments, center, verbatim, math definitions,
boxes, title, sectioning, contents, floats, footnotes, index, bibliography,
output,
===========================================
Local configuration file hyphen.cfg used
===========================================

(/home/manuel/Projekte/pdftex.js-1.40.11/texlive/texmf-dist/tex/generic/babel/h
yphen.cfg
(/home/manuel/Projekte/pdftex.js-1.40.11/texlive/texmf-dist/tex/generic/babel/s
witch.def)
(/home/manuel/Projekte/pdftex.js-1.40.11/texlive/texmf-dist/tex/generic/hyphen/
hyphen.tex)
(/home/manuel/Projekte/pdftex.js-1.40.11/texlive/texmf-dist/tex/generic/hyphen/
dumyhyph.tex)
(/home/manuel/Projekte/pdftex.js-1.40.11/texlive/texmf-dist/tex/generic/hyphen/
zerohyph.tex))
=================================
Applying patch file ltpatch.ltx
=================================

(/home/manuel/Projekte/pdftex.js-1.40.11/texlive/texmf-dist/tex/latex/base/ltpa
tch.ltx)
 ) )
Beginning to dump on file latex.fmt
 (format=latex 2014.1.4)
4967 strings of total length 70074
45067 memory locations dumped; current usage is 144&43183
3315 multiletter control sequences
\font\nullfont=nullfont
\font\OMX/cmex/m/n/10=cmex10
\font\tenln=line10
\font\tenlnw=linew10
\font\tencirc=lcircle10
\font\tencircw=lcirclew10
\font\OT1/cmr/m/n/5=cmr5
\font\OT1/cmr/m/n/7=cmr7
\font\OT1/cmr/m/n/10=cmr10
\font\OML/cmm/m/it/5=cmmi5
\font\OML/cmm/m/it/7=cmmi7
\font\OML/cmm/m/it/10=cmmi10
\font\OMS/cmsy/m/n/5=cmsy5
\font\OMS/cmsy/m/n/7=cmsy7
\font\OMS/cmsy/m/n/10=cmsy10
3633 words of font info for 14 preloaded fonts
14 hyphenation exceptions
Hyphenation trie of length 6081 has 183 ops out of 35111
  2 for language 1
  181 for language 0
0 words of pdfTeX memory
0 indirect objects
No pages of output.
Transcript written on latex.log.
fmtutil: /home/manuel/Projekte/pdftex.js-1.40.11/texlive/texmf-var/web2c/pdftex/latex.fmt installed.
fmtutil: running `pdftex -ini   -jobname=pdflatex -progname=pdflatex -translate-file=cp227.tcx *pdflatex.ini' ...
This is pdfTeX, Version 3.1415926-2.5-1.40.14 (TeX Live 2013) (INITEX)
 restricted \write18 enabled.
 (/home/manuel/Projekte/pdftex.js-1.40.11/texlive/texmf-dist/web2c/cp227.tcx)
entering extended mode

(/home/manuel/Projekte/pdftex.js-1.40.11/texlive/texmf-dist/tex/latex/latexconf
ig/pdflatex.ini
(/home/manuel/Projekte/pdftex.js-1.40.11/texlive/texmf-dist/tex/generic/config/
pdftexconfig.tex)

(/home/manuel/Projekte/pdftex.js-1.40.11/texlive/texmf-dist/tex/latex/base/late
x.ltx
(/home/manuel/Projekte/pdftex.js-1.40.11/texlive/texmf-dist/tex/latex/base/texs
ys.cfg)
./texsys.aux found


\@currdir set to: ./.


Assuming \openin and \input 
have the same search path.


Defining UNIX/DOS style filename parser.

catcodes, registers, compatibility for TeX 2,  parameters,
LaTeX2e <2011/06/27>
hacks, control, par, spacing, files, font encodings, lengths,
====================================

Local config file fonttext.cfg used

====================================

(/home/manuel/Projekte/pdftex.js-1.40.11/texlive/texmf-dist/tex/latex/base/font
text.cfg
(/home/manuel/Projekte/pdftex.js-1.40.11/texlive/texmf-dist/tex/latex/base/font
text.ltx
=== Don't modify this file, use a .cfg file instead ===


(/home/manuel/Projekte/pdftex.js-1.40.11/texlive/texmf-dist/tex/latex/base/omle
nc.def)
(/home/manuel/Projekte/pdftex.js-1.40.11/texlive/texmf-dist/tex/latex/base/t1en
c.def)
(/home/manuel/Projekte/pdftex.js-1.40.11/texlive/texmf-dist/tex/latex/base/ot1e
nc.def)
(/home/manuel/Projekte/pdftex.js-1.40.11/texlive/texmf-dist/tex/latex/base/omse
nc.def)
(/home/manuel/Projekte/pdftex.js-1.40.11/texlive/texmf-dist/tex/latex/base/t1cm
r.fd)
(/home/manuel/Projekte/pdftex.js-1.40.11/texlive/texmf-dist/tex/latex/base/ot1c
mr.fd)
(/home/manuel/Projekte/pdftex.js-1.40.11/texlive/texmf-dist/tex/latex/base/ot1c
mss.fd)
(/home/manuel/Projekte/pdftex.js-1.40.11/texlive/texmf-dist/tex/latex/base/ot1c
mtt.fd)))
====================================

Local config file fontmath.cfg used

====================================

(/home/manuel/Projekte/pdftex.js-1.40.11/texlive/texmf-dist/tex/latex/base/font
math.cfg
(/home/manuel/Projekte/pdftex.js-1.40.11/texlive/texmf-dist/tex/latex/base/font
math.ltx
=== Don't modify this file, use a .cfg file instead ===


(/home/manuel/Projekte/pdftex.js-1.40.11/texlive/texmf-dist/tex/latex/base/omlc
mm.fd)
(/home/manuel/Projekte/pdftex.js-1.40.11/texlive/texmf-dist/tex/latex/base/omsc
msy.fd)
(/home/manuel/Projekte/pdftex.js-1.40.11/texlive/texmf-dist/tex/latex/base/omxc
mex.fd)
(/home/manuel/Projekte/pdftex.js-1.40.11/texlive/texmf-dist/tex/latex/base/ucmr
.fd)))
====================================

Local config file preload.cfg used

=====================================

(/home/manuel/Projekte/pdftex.js-1.40.11/texlive/texmf-dist/tex/latex/base/prel
oad.cfg
(/home/manuel/Projekte/pdftex.js-1.40.11/texlive/texmf-dist/tex/latex/base/prel
oad.ltx)) page nos., x-ref, environments, center, verbatim, math definitions,
boxes, title, sectioning, contents, floats, footnotes, index, bibliography,
output,
===========================================
Local configuration file hyphen.cfg used
===========================================

(/home/manuel/Projekte/pdftex.js-1.40.11/texlive/texmf-dist/tex/generic/babel/h
yphen.cfg
(/home/manuel/Projekte/pdftex.js-1.40.11/texlive/texmf-dist/tex/generic/babel/s
witch.def)
(/home/manuel/Projekte/pdftex.js-1.40.11/texlive/texmf-dist/tex/generic/hyphen/
hyphen.tex)
(/home/manuel/Projekte/pdftex.js-1.40.11/texlive/texmf-dist/tex/generic/hyphen/
dumyhyph.tex)
(/home/manuel/Projekte/pdftex.js-1.40.11/texlive/texmf-dist/tex/generic/hyphen/
zerohyph.tex))
=================================
Applying patch file ltpatch.ltx
=================================

(/home/manuel/Projekte/pdftex.js-1.40.11/texlive/texmf-dist/tex/latex/base/ltpa
tch.ltx)
 ) )
Beginning to dump on file pdflatex.fmt
 (format=pdflatex 2014.1.4)
4968 strings of total length 70100
45070 memory locations dumped; current usage is 144&43186
3315 multiletter control sequences
\font\nullfont=nullfont
\font\OMX/cmex/m/n/10=cmex10
\font\tenln=line10
\font\tenlnw=linew10
\font\tencirc=lcircle10
\font\tencircw=lcirclew10
\font\OT1/cmr/m/n/5=cmr5
\font\OT1/cmr/m/n/7=cmr7
\font\OT1/cmr/m/n/10=cmr10
\font\OML/cmm/m/it/5=cmmi5
\font\OML/cmm/m/it/7=cmmi7
\font\OML/cmm/m/it/10=cmmi10
\font\OMS/cmsy/m/n/5=cmsy5
\font\OMS/cmsy/m/n/7=cmsy7
\font\OMS/cmsy/m/n/10=cmsy10
3633 words of font info for 14 preloaded fonts
14 hyphenation exceptions
Hyphenation trie of length 6081 has 183 ops out of 35111
  2 for language 1
  181 for language 0
0 words of pdfTeX memory
0 indirect objects
No pages of output.
Transcript written on pdflatex.log.
fmtutil: /home/manuel/Projekte/pdftex.js-1.40.11/texlive/texmf-var/web2c/pdftex/pdflatex.fmt installed.
fmtutil: running `luatex -ini   -jobname=dvilualatex -progname=dvilualatex dvilualatex.ini' ...
This is LuaTeX, Version beta-0.76.0-2013070317 (rev 4627)  (INITEX)
 restricted \write18 enabled.

(/home/manuel/Projekte/pdftex.js-1.40.11/texlive/texmf-dist/tex/latex/latexconf
ig/dvilualatex.ini
(/home/manuel/Projekte/pdftex.js-1.40.11/texlive/texmf-dist/tex/latex/latexconf
ig/lualatexiniconfig.tex)
(/home/manuel/Projekte/pdftex.js-1.40.11/texlive/texmf-dist/tex/generic/config/
pdftexconfig.tex)

(/home/manuel/Projekte/pdftex.js-1.40.11/texlive/texmf-dist/tex/latex/base/late
x.ltx
(/home/manuel/Projekte/pdftex.js-1.40.11/texlive/texmf-dist/tex/latex/base/texs
ys.cfg)
./texsys.aux found


\@currdir set to: ./.


Assuming \openin and \input 
have the same search path.


Defining UNIX/DOS style filename parser.

catcodes, registers, compatibility for TeX 2,  parameters,
LaTeX2e <2011/06/27>
hacks, control, par, spacing, files, font encodings, lengths,
====================================

Local config file fonttext.cfg used

====================================

(/home/manuel/Projekte/pdftex.js-1.40.11/texlive/texmf-dist/tex/latex/base/font
text.cfg
(/home/manuel/Projekte/pdftex.js-1.40.11/texlive/texmf-dist/tex/latex/base/font
text.ltx
=== Don't modify this file, use a .cfg file instead ===


(/home/manuel/Projekte/pdftex.js-1.40.11/texlive/texmf-dist/tex/latex/base/omle
nc.def)
(/home/manuel/Projekte/pdftex.js-1.40.11/texlive/texmf-dist/tex/latex/base/t1en
c.def)
(/home/manuel/Projekte/pdftex.js-1.40.11/texlive/texmf-dist/tex/latex/base/ot1e
nc.def)
(/home/manuel/Projekte/pdftex.js-1.40.11/texlive/texmf-dist/tex/latex/base/omse
nc.def)
(/home/manuel/Projekte/pdftex.js-1.40.11/texlive/texmf-dist/tex/latex/base/t1cm
r.fd)
(/home/manuel/Projekte/pdftex.js-1.40.11/texlive/texmf-dist/tex/latex/base/ot1c
mr.fd)
(/home/manuel/Projekte/pdftex.js-1.40.11/texlive/texmf-dist/tex/latex/base/ot1c
mss.fd)
(/home/manuel/Projekte/pdftex.js-1.40.11/texlive/texmf-dist/tex/latex/base/ot1c
mtt.fd)))
====================================

Local config file fontmath.cfg used

====================================

(/home/manuel/Projekte/pdftex.js-1.40.11/texlive/texmf-dist/tex/latex/base/font
math.cfg
(/home/manuel/Projekte/pdftex.js-1.40.11/texlive/texmf-dist/tex/latex/base/font
math.ltx
=== Don't modify this file, use a .cfg file instead ===


(/home/manuel/Projekte/pdftex.js-1.40.11/texlive/texmf-dist/tex/latex/base/omlc
mm.fd)
(/home/manuel/Projekte/pdftex.js-1.40.11/texlive/texmf-dist/tex/latex/base/omsc
msy.fd)
(/home/manuel/Projekte/pdftex.js-1.40.11/texlive/texmf-dist/tex/latex/base/omxc
mex.fd)
(/home/manuel/Projekte/pdftex.js-1.40.11/texlive/texmf-dist/tex/latex/base/ucmr
.fd)))
====================================

Local config file preload.cfg used

=====================================

(/home/manuel/Projekte/pdftex.js-1.40.11/texlive/texmf-dist/tex/latex/base/prel
oad.cfg
(/home/manuel/Projekte/pdftex.js-1.40.11/texlive/texmf-dist/tex/latex/base/prel
oad.ltx)) page nos., x-ref, environments, center, verbatim, math definitions,
boxes, title, sectioning, contents, floats, footnotes, index, bibliography,
output,
===========================================
Local configuration file hyphen.cfg used
===========================================

(/home/manuel/Projekte/pdftex.js-1.40.11/texlive/texmf-dist/tex/generic/babel/h
yphen.cfg
(/home/manuel/Projekte/pdftex.js-1.40.11/texlive/texmf-dist/tex/generic/babel/l
uababel.def)
(/home/manuel/Projekte/pdftex.js-1.40.11/texlive/texmf-dist/tex/generic/babel/s
witch.def)
(/home/manuel/Projekte/pdftex.js-1.40.11/texlive/texmf-dist/tex/generic/hyphen/
hyphen.tex)
(/home/manuel/Projekte/pdftex.js-1.40.11/texlive/texmf-dist/tex/generic/hyphen/
dumyhyph.tex)
(/home/manuel/Projekte/pdftex.js-1.40.11/texlive/texmf-dist/tex/generic/hyphen/
zerohyph.tex))
=================================
Applying patch file ltpatch.ltx
=================================

(/home/manuel/Projekte/pdftex.js-1.40.11/texlive/texmf-dist/tex/latex/base/ltpa
tch.ltx)
)
(/home/manuel/Projekte/pdftex.js-1.40.11/texlive/texmf-dist/tex/latex/latexconf
ig/lualatex-patch-kernel.tex)
(/home/manuel/Projekte/pdftex.js-1.40.11/texlive/texmf-dist/tex/latex/latexconf
ig/lualatexquotejobname.tex)
(/home/manuel/Projekte/pdftex.js-1.40.11/texlive/texmf-dist/tex/latex/latexconf
ig/lualatex-reset-codes.tex)
(/home/manuel/Projekte/pdftex.js-1.40.11/texlive/texmf-dist/tex/generic/config/
luatex-unicode-letters.tex loading Unicode properties) )
Beginning to dump on file dvilualatex.fmt
 (format=dvilualatex 2014.1.4)
5181 strings using 33747 bytes
150703 memory locations dumped; current usage is 124&46876
3724 multiletter control sequences
\font\nullfont=nullfont
\font\OMX/cmex/m/n/10=cmex10
\font\tenln=line10
\font\tenlnw=linew10
\font\tencirc=lcircle10
\font\tencircw=lcirclew10
\font\OT1/cmr/m/n/5=cmr5
\font\OT1/cmr/m/n/7=cmr7
\font\OT1/cmr/m/n/10=cmr10
\font\OML/cmm/m/it/5=cmmi5
\font\OML/cmm/m/it/7=cmmi7
\font\OML/cmm/m/it/10=cmmi10
\font\OMS/cmsy/m/n/5=cmsy5
\font\OMS/cmsy/m/n/7=cmsy7
\font\OMS/cmsy/m/n/10=cmsy10
14 preloaded fonts
0 words of pdf memory
0 indirect objects
No pages of output.
Transcript written on dvilualatex.log.
fmtutil: /home/manuel/Projekte/pdftex.js-1.40.11/texlive/texmf-var/web2c/luatex/dvilualatex.fmt installed.
fmtutil: running `luatex -ini   -jobname=lualatex -progname=lualatex lualatex.ini' ...
This is LuaTeX, Version beta-0.76.0-2013070317 (rev 4627)  (INITEX)
 restricted \write18 enabled.

(/home/manuel/Projekte/pdftex.js-1.40.11/texlive/texmf-dist/tex/latex/latexconf
ig/lualatex.ini
(/home/manuel/Projekte/pdftex.js-1.40.11/texlive/texmf-dist/tex/latex/latexconf
ig/lualatexiniconfig.tex)
(/home/manuel/Projekte/pdftex.js-1.40.11/texlive/texmf-dist/tex/generic/config/
pdftexconfig.tex)

(/home/manuel/Projekte/pdftex.js-1.40.11/texlive/texmf-dist/tex/latex/base/late
x.ltx
(/home/manuel/Projekte/pdftex.js-1.40.11/texlive/texmf-dist/tex/latex/base/texs
ys.cfg)
./texsys.aux found


\@currdir set to: ./.


Assuming \openin and \input 
have the same search path.


Defining UNIX/DOS style filename parser.

catcodes, registers, compatibility for TeX 2,  parameters,
LaTeX2e <2011/06/27>
hacks, control, par, spacing, files, font encodings, lengths,
====================================

Local config file fonttext.cfg used

====================================

(/home/manuel/Projekte/pdftex.js-1.40.11/texlive/texmf-dist/tex/latex/base/font
text.cfg
(/home/manuel/Projekte/pdftex.js-1.40.11/texlive/texmf-dist/tex/latex/base/font
text.ltx
=== Don't modify this file, use a .cfg file instead ===


(/home/manuel/Projekte/pdftex.js-1.40.11/texlive/texmf-dist/tex/latex/base/omle
nc.def)
(/home/manuel/Projekte/pdftex.js-1.40.11/texlive/texmf-dist/tex/latex/base/t1en
c.def)
(/home/manuel/Projekte/pdftex.js-1.40.11/texlive/texmf-dist/tex/latex/base/ot1e
nc.def)
(/home/manuel/Projekte/pdftex.js-1.40.11/texlive/texmf-dist/tex/latex/base/omse
nc.def)
(/home/manuel/Projekte/pdftex.js-1.40.11/texlive/texmf-dist/tex/latex/base/t1cm
r.fd)
(/home/manuel/Projekte/pdftex.js-1.40.11/texlive/texmf-dist/tex/latex/base/ot1c
mr.fd)
(/home/manuel/Projekte/pdftex.js-1.40.11/texlive/texmf-dist/tex/latex/base/ot1c
mss.fd)
(/home/manuel/Projekte/pdftex.js-1.40.11/texlive/texmf-dist/tex/latex/base/ot1c
mtt.fd)))
====================================

Local config file fontmath.cfg used

====================================

(/home/manuel/Projekte/pdftex.js-1.40.11/texlive/texmf-dist/tex/latex/base/font
math.cfg
(/home/manuel/Projekte/pdftex.js-1.40.11/texlive/texmf-dist/tex/latex/base/font
math.ltx
=== Don't modify this file, use a .cfg file instead ===


(/home/manuel/Projekte/pdftex.js-1.40.11/texlive/texmf-dist/tex/latex/base/omlc
mm.fd)
(/home/manuel/Projekte/pdftex.js-1.40.11/texlive/texmf-dist/tex/latex/base/omsc
msy.fd)
(/home/manuel/Projekte/pdftex.js-1.40.11/texlive/texmf-dist/tex/latex/base/omxc
mex.fd)
(/home/manuel/Projekte/pdftex.js-1.40.11/texlive/texmf-dist/tex/latex/base/ucmr
.fd)))
====================================

Local config file preload.cfg used

=====================================

(/home/manuel/Projekte/pdftex.js-1.40.11/texlive/texmf-dist/tex/latex/base/prel
oad.cfg
(/home/manuel/Projekte/pdftex.js-1.40.11/texlive/texmf-dist/tex/latex/base/prel
oad.ltx)) page nos., x-ref, environments, center, verbatim, math definitions,
boxes, title, sectioning, contents, floats, footnotes, index, bibliography,
output,
===========================================
Local configuration file hyphen.cfg used
===========================================

(/home/manuel/Projekte/pdftex.js-1.40.11/texlive/texmf-dist/tex/generic/babel/h
yphen.cfg
(/home/manuel/Projekte/pdftex.js-1.40.11/texlive/texmf-dist/tex/generic/babel/l
uababel.def)
(/home/manuel/Projekte/pdftex.js-1.40.11/texlive/texmf-dist/tex/generic/babel/s
witch.def)
(/home/manuel/Projekte/pdftex.js-1.40.11/texlive/texmf-dist/tex/generic/hyphen/
hyphen.tex)
(/home/manuel/Projekte/pdftex.js-1.40.11/texlive/texmf-dist/tex/generic/hyphen/
dumyhyph.tex)
(/home/manuel/Projekte/pdftex.js-1.40.11/texlive/texmf-dist/tex/generic/hyphen/
zerohyph.tex))
=================================
Applying patch file ltpatch.ltx
=================================

(/home/manuel/Projekte/pdftex.js-1.40.11/texlive/texmf-dist/tex/latex/base/ltpa
tch.ltx)
)
(/home/manuel/Projekte/pdftex.js-1.40.11/texlive/texmf-dist/tex/latex/latexconf
ig/lualatex-patch-kernel.tex)
(/home/manuel/Projekte/pdftex.js-1.40.11/texlive/texmf-dist/tex/latex/latexconf
ig/lualatexquotejobname.tex)
(/home/manuel/Projekte/pdftex.js-1.40.11/texlive/texmf-dist/tex/latex/latexconf
ig/lualatex-reset-codes.tex)
(/home/manuel/Projekte/pdftex.js-1.40.11/texlive/texmf-dist/tex/generic/config/
luatex-unicode-letters.tex loading Unicode properties) )
Beginning to dump on file lualatex.fmt
 (format=lualatex 2014.1.4)
5181 strings using 33735 bytes
150697 memory locations dumped; current usage is 124&46873
3724 multiletter control sequences
\font\nullfont=nullfont
\font\OMX/cmex/m/n/10=cmex10
\font\tenln=line10
\font\tenlnw=linew10
\font\tencirc=lcircle10
\font\tencircw=lcirclew10
\font\OT1/cmr/m/n/5=cmr5
\font\OT1/cmr/m/n/7=cmr7
\font\OT1/cmr/m/n/10=cmr10
\font\OML/cmm/m/it/5=cmmi5
\font\OML/cmm/m/it/7=cmmi7
\font\OML/cmm/m/it/10=cmmi10
\font\OMS/cmsy/m/n/5=cmsy5
\font\OMS/cmsy/m/n/7=cmsy7
\font\OMS/cmsy/m/n/10=cmsy10
14 preloaded fonts
0 words of pdf memory
0 indirect objects
No pages of output.
Transcript written on lualatex.log.
fmtutil: /home/manuel/Projekte/pdftex.js-1.40.11/texlive/texmf-var/web2c/luatex/lualatex.fmt installed.
fmtutil: running `luatex -ini   -jobname=luatex -progname=luatex luatex.ini' ...
This is LuaTeX, Version beta-0.76.0-2013070317 (rev 4627)  (INITEX)
 restricted \write18 enabled.

(/home/manuel/Projekte/pdftex.js-1.40.11/texlive/texmf-dist/tex/plain/config/lu
atex.ini
(/home/manuel/Projekte/pdftex.js-1.40.11/texlive/texmf-dist/tex/generic/config/
luatexiniconfig.tex)
(/home/manuel/Projekte/pdftex.js-1.40.11/texlive/texmf-dist/tex/generic/config/
luatex-unicode-letters.tex loading Unicode properties)
(/home/manuel/Projekte/pdftex.js-1.40.11/texlive/texmf-dist/tex/plain/config/pd
fetex.ini
(/home/manuel/Projekte/pdftex.js-1.40.11/texlive/texmf-dist/tex/generic/config/
pdftexconfig.tex)
(/home/manuel/Projekte/pdftex.js-1.40.11/texlive/texmf-dist/tex/luatex/hyph-utf
8/etex.src
(/home/manuel/Projekte/pdftex.js-1.40.11/texlive/texmf-dist/tex/plain/base/plai
n.tex Preloading the plain format: codes, registers, parameters, fonts,
more fonts, macros, math definitions, output routines, hyphenation
(/home/manuel/Projekte/pdftex.js-1.40.11/texlive/texmf-dist/tex/generic/hyphen/
hyphen.tex [skipping from \patterns to end-of-file...]))
(/home/manuel/Projekte/pdftex.js-1.40.11/texlive/texmf-dist/tex/plain/etex/etex
defs.lib Skipping module "grouptypes"; Loading module "interactionmodes";
Skipping module "nodetypes"; Skipping module "iftypes";)
(/home/manuel/Projekte/pdftex.js-1.40.11/texlive/texmf-var/tex/generic/config/l
anguage.def
(/home/manuel/Projekte/pdftex.js-1.40.11/texlive/texmf-dist/tex/generic/hyphen/
hyphen.tex)) Augmenting the Plain TeX definitions: \tracingall;
Adding new e-TeX definitions: \eTeX, \loggingall, \tracingnone,
register allocation; extended register allocation; 
Recycling: \addlanguage, \@nswer (not defined), \@sk, \b@dresponsetrue,
\b@dresponsefalse, \ch@ckforyn, \mayber@cycle, \et@xabort, \et@xbuf,
\et@xfmtsrc, \et@xfilehdr, \et@xinf, \et@xpatterns, \l@ngdefnfile, \n@xt,
\p@rse (not defined), \pr@mpt (not defined), \pr@mptloop (not defined),
\forcer@cycle, \usef@llback, \usef@llbacktrue, \usef@llbackfalse, 
Retaining: \et@xerr, \et@xinput, \et@xlibhdr, \et@xmsg, \et@xtoks, \et@xwarn,
\et@xl@@d, \et@xl@ad, \et@xload, \et@xlang, \et@xhash, \eTeX, \etexhdrchk,
\etexstatus, \module, \uselanguage, \r@tain, \r@cycle,)
(/home/manuel/Projekte/pdftex.js-1.40.11/texlive/texmf-dist/tex/plain/config/pd
ftexmagfix.tex) ) )
Beginning to dump on file luatex.fmt
 (format=luatex 2014.1.4)
3101 strings using 9589 bytes
68807 memory locations dumped; current usage is 103&7731
1707 multiletter control sequences
\font\nullfont=nullfont
\font\tenrm=cmr10
\font\preloaded=cmr9
\font\preloaded=cmr8
\font\sevenrm=cmr7
\font\preloaded=cmr6
\font\fiverm=cmr5
\font\teni=cmmi10
\font\preloaded=cmmi9
\font\preloaded=cmmi8
\font\seveni=cmmi7
\font\preloaded=cmmi6
\font\fivei=cmmi5
\font\tensy=cmsy10
\font\preloaded=cmsy9
\font\preloaded=cmsy8
\font\sevensy=cmsy7
\font\preloaded=cmsy6
\font\fivesy=cmsy5
\font\tenex=cmex10
\font\preloaded=cmss10
\font\preloaded=cmssq8
\font\preloaded=cmssi10
\font\preloaded=cmssqi8
\font\tenbf=cmbx10
\font\preloaded=cmbx9
\font\preloaded=cmbx8
\font\sevenbf=cmbx7
\font\preloaded=cmbx6
\font\fivebf=cmbx5
\font\tentt=cmtt10
\font\preloaded=cmtt9
\font\preloaded=cmtt8
\font\preloaded=cmsltt10
\font\tensl=cmsl10
\font\preloaded=cmsl9
\font\preloaded=cmsl8
\font\tenit=cmti10
\font\preloaded=cmti9
\font\preloaded=cmti8
\font\preloaded=cmti7
\font\preloaded=cmu10
\font\preloaded=cmmib10
\font\preloaded=cmbsy10
\font\preloaded=cmcsc10
\font\preloaded=cmssbx10
\font\preloaded=cmdunh10
\font\preloaded=cmr7 at 14.51799pt
\font\preloaded=cmtt10 at 14.4pt
\font\preloaded=cmssbx10 at 14.4pt
\font\preloaded=manfnt
50 preloaded fonts
0 words of pdf memory
0 indirect objects
No pages of output.
Transcript written on luatex.log.
fmtutil: /home/manuel/Projekte/pdftex.js-1.40.11/texlive/texmf-var/web2c/luatex/luatex.fmt installed.
fmtutil: running `luatex -ini   -jobname=dviluatex -progname=dviluatex dviluatex.ini' ...
This is LuaTeX, Version beta-0.76.0-2013070317 (rev 4627)  (INITEX)
 restricted \write18 enabled.

(/home/manuel/Projekte/pdftex.js-1.40.11/texlive/texmf-dist/tex/plain/config/dv
iluatex.ini
(/home/manuel/Projekte/pdftex.js-1.40.11/texlive/texmf-dist/tex/generic/config/
luatexiniconfig.tex)
(/home/manuel/Projekte/pdftex.js-1.40.11/texlive/texmf-dist/tex/generic/config/
luatex-unicode-letters.tex loading Unicode properties)
(/home/manuel/Projekte/pdftex.js-1.40.11/texlive/texmf-dist/tex/plain/config/et
ex.ini
(/home/manuel/Projekte/pdftex.js-1.40.11/texlive/texmf-dist/tex/luatex/hyph-utf
8/etex.src
(/home/manuel/Projekte/pdftex.js-1.40.11/texlive/texmf-dist/tex/plain/base/plai
n.tex Preloading the plain format: codes, registers, parameters, fonts,
more fonts, macros, math definitions, output routines, hyphenation
(/home/manuel/Projekte/pdftex.js-1.40.11/texlive/texmf-dist/tex/generic/hyphen/
hyphen.tex [skipping from \patterns to end-of-file...]))
(/home/manuel/Projekte/pdftex.js-1.40.11/texlive/texmf-dist/tex/plain/etex/etex
defs.lib Skipping module "grouptypes"; Loading module "interactionmodes";
Skipping module "nodetypes"; Skipping module "iftypes";)
(/home/manuel/Projekte/pdftex.js-1.40.11/texlive/texmf-var/tex/generic/config/l
anguage.def
(/home/manuel/Projekte/pdftex.js-1.40.11/texlive/texmf-dist/tex/generic/hyphen/
hyphen.tex)) Augmenting the Plain TeX definitions: \tracingall;
Adding new e-TeX definitions: \eTeX, \loggingall, \tracingnone,
register allocation; extended register allocation; 
Recycling: \addlanguage, \@nswer (not defined), \@sk, \b@dresponsetrue,
\b@dresponsefalse, \ch@ckforyn, \mayber@cycle, \et@xabort, \et@xbuf,
\et@xfmtsrc, \et@xfilehdr, \et@xinf, \et@xpatterns, \l@ngdefnfile, \n@xt,
\p@rse (not defined), \pr@mpt (not defined), \pr@mptloop (not defined),
\forcer@cycle, \usef@llback, \usef@llbacktrue, \usef@llbackfalse, 
Retaining: \et@xerr, \et@xinput, \et@xlibhdr, \et@xmsg, \et@xtoks, \et@xwarn,
\et@xl@@d, \et@xl@ad, \et@xload, \et@xlang, \et@xhash, \eTeX, \etexhdrchk,
\etexstatus, \module, \uselanguage, \r@tain, \r@cycle,) ) )
Beginning to dump on file dviluatex.fmt
 (format=dviluatex 2014.1.4)
3089 strings using 9534 bytes
68807 memory locations dumped; current usage is 103&7700
1705 multiletter control sequences
\font\nullfont=nullfont
\font\tenrm=cmr10
\font\preloaded=cmr9
\font\preloaded=cmr8
\font\sevenrm=cmr7
\font\preloaded=cmr6
\font\fiverm=cmr5
\font\teni=cmmi10
\font\preloaded=cmmi9
\font\preloaded=cmmi8
\font\seveni=cmmi7
\font\preloaded=cmmi6
\font\fivei=cmmi5
\font\tensy=cmsy10
\font\preloaded=cmsy9
\font\preloaded=cmsy8
\font\sevensy=cmsy7
\font\preloaded=cmsy6
\font\fivesy=cmsy5
\font\tenex=cmex10
\font\preloaded=cmss10
\font\preloaded=cmssq8
\font\preloaded=cmssi10
\font\preloaded=cmssqi8
\font\tenbf=cmbx10
\font\preloaded=cmbx9
\font\preloaded=cmbx8
\font\sevenbf=cmbx7
\font\preloaded=cmbx6
\font\fivebf=cmbx5
\font\tentt=cmtt10
\font\preloaded=cmtt9
\font\preloaded=cmtt8
\font\preloaded=cmsltt10
\font\tensl=cmsl10
\font\preloaded=cmsl9
\font\preloaded=cmsl8
\font\tenit=cmti10
\font\preloaded=cmti9
\font\preloaded=cmti8
\font\preloaded=cmti7
\font\preloaded=cmu10
\font\preloaded=cmmib10
\font\preloaded=cmbsy10
\font\preloaded=cmcsc10
\font\preloaded=cmssbx10
\font\preloaded=cmdunh10
\font\preloaded=cmr7 at 14.51799pt
\font\preloaded=cmtt10 at 14.4pt
\font\preloaded=cmssbx10 at 14.4pt
\font\preloaded=manfnt
50 preloaded fonts
0 words of pdf memory
0 indirect objects
No pages of output.
Transcript written on dviluatex.log.
fmtutil: /home/manuel/Projekte/pdftex.js-1.40.11/texlive/texmf-var/web2c/luatex/dviluatex.fmt installed.
fmtutil: running `mf-nowin -ini   -jobname=mf -progname=mf -translate-file=cp227.tcx mf.ini' ...
This is METAFONT, Version 2.718281 (TeX Live 2013) (INIMF)
(/home/manuel/Projekte/pdftex.js-1.40.11/texlive/texmf-dist/web2c/cp227.tcx)

(/home/manuel/Projekte/pdftex.js-1.40.11/texlive/texmf-dist/metafont/config/mf.
ini
(/home/manuel/Projekte/pdftex.js-1.40.11/texlive/texmf-dist/metafont/base/plain
.mf
Preloading the plain base, version 2.71: preliminaries,
 basic constants and mathematical macros,
 macros for converting from device-independent units to pixels,
 macros and tables for various modes of operation,
 macros for drawing and filling,
 macros for proof labels and rules,
 macros for character and font administration,
and a few last-minute items.)
(/home/manuel/Projekte/pdftex.js-1.40.11/texlive/texmf-dist/metafont/misc/modes
.mf) )
Beginning to dump on file mf.base
 (base=mf 2014.1.4)
2226 strings of total length 30178
11864 memory locations dumped; current usage is 3658&7844
1004 symbolic tokens
Transcript written on mf.log.
fmtutil: /home/manuel/Projekte/pdftex.js-1.40.11/texlive/texmf-var/web2c/metafont/mf.base installed.
fmtutil: running `pdftex -ini   -jobname=mptopdf -progname=context -translate-file=cp227.tcx mptopdf.tex' ...
This is pdfTeX, Version 3.1415926-2.5-1.40.14 (TeX Live 2013) (INITEX)
 restricted \write18 enabled.
 (/home/manuel/Projekte/pdftex.js-1.40.11/texlive/texmf-dist/web2c/cp227.tcx)

(/home/manuel/Projekte/pdftex.js-1.40.11/texlive/texmf-dist/tex/generic/context
/mptopdf/mptopdf.tex
(/home/manuel/Projekte/pdftex.js-1.40.11/texlive/texmf-dist/tex/context/base/sy
st-tex.mkii
(/home/manuel/Projekte/pdftex.js-1.40.11/texlive/texmf-dist/tex/plain/base/plai
n.tex Preloading the plain format: codes, registers, parameters, fonts,
skipping \font in plain
skipping \font in plain
skipping \font in plain
skipping \font in plain
skipping \font in plain
skipping \font in plain
skipping \font in plain
skipping \font in plain
skipping \font in plain
skipping \font in plain
skipping \font in plain
skipping \font in plain
skipping \font in plain
skipping \font in plain
skipping \font in plain
skipping \font in plain
skipping \font in plain
skipping \font in plain
skipping \font in plain
skipping \font in plain
skipping \font in plain
skipping \font in plain
skipping \font in plain
skipping \font in plain
skipping \font in plain
skipping \font in plain
skipping \font in plain
skipping \font in plain
skipping \font in plain
skipping \font in plain
skipping \font in plain
skipping \font in plain
skipping \font in plain
skipping \font in plain
skipping \font in plain
skipping \font in plain
skipping \font in plain
skipping \font in plain
skipping \font in plain
skipping \font in plain
more fonts,
skipping \font in plain
skipping \font in plain
skipping \font in plain
skipping \font in plain
skipping \font in plain
skipping \font in plain
skipping scaled \font in plain
skipping scaled \font in plain
skipping scaled \font in plain
skipping \font in plain
skipping \skewchar in plain
skipping \skewchar in plain
skipping \skewchar in plain
skipping \skewchar in plain
skipping \skewchar in plain
skipping \skewchar in plain
skipping \textfont in plain
skipping \scriptfont in plain
skipping \scriptscriptfont in plain
skipping \textfont in plain
skipping \scriptfont in plain
skipping \scriptscriptfont in plain
skipping \textfont in plain
skipping \scriptfont in plain
skipping \scriptscriptfont in plain
skipping \textfont in plain
skipping \scriptfont in plain
skipping \scriptscriptfont in plain
skipping \textfont in plain
skipping \textfont in plain
skipping \textfont in plain
skipping \scriptfont in plain
skipping \scriptscriptfont in plain
skipping \textfont in plain
macros, math definitions,
skipping used \tenex in plain
output routines, hyphenation
skipping \input in plain
skipping \tenrm in plain
))
(/home/manuel/Projekte/pdftex.js-1.40.11/texlive/texmf-dist/tex/context/base/su
pp-mis.mkii
loading : ConTeXt Support Macros / Miscellaneous (2004.10.26)
)
(/home/manuel/Projekte/pdftex.js-1.40.11/texlive/texmf-dist/tex/context/base/su
pp-pdf.mkii
loading : ConTeXt Support Macros / PDF
)
(/home/manuel/Projekte/pdftex.js-1.40.11/texlive/texmf-dist/tex/context/base/su
pp-mpe.mkii
loading : ConTeXt Support Macros / MPS extensions
) )
Beginning to dump on file mptopdf.fmt
 (format=mptopdf 2014.1.4)
3279 strings of total length 49089
13893 memory locations dumped; current usage is 116&13746
1657 multiletter control sequences
\font\nullfont=nullfont
0 words of font info for 0 preloaded fonts
0 hyphenation exceptions
Hyphenation trie of length 256 has 0 ops out of 35111
0 words of pdfTeX memory
0 indirect objects
No pages of output.
Transcript written on mptopdf.log.
fmtutil: /home/manuel/Projekte/pdftex.js-1.40.11/texlive/texmf-var/web2c/pdftex/mptopdf.fmt installed.
fmtutil: running `pdftex -ini   -jobname=pdftex -progname=pdftex -translate-file=cp227.tcx *pdfetex.ini' ...
This is pdfTeX, Version 3.1415926-2.5-1.40.14 (TeX Live 2013) (INITEX)
 restricted \write18 enabled.
 (/home/manuel/Projekte/pdftex.js-1.40.11/texlive/texmf-dist/web2c/cp227.tcx)
entering extended mode

(/home/manuel/Projekte/pdftex.js-1.40.11/texlive/texmf-dist/tex/plain/config/pd
fetex.ini
(/home/manuel/Projekte/pdftex.js-1.40.11/texlive/texmf-dist/tex/generic/config/
pdftexconfig.tex)
(/home/manuel/Projekte/pdftex.js-1.40.11/texlive/texmf-dist/tex/plain/etex/etex
.src
(/home/manuel/Projekte/pdftex.js-1.40.11/texlive/texmf-dist/tex/plain/base/plai
n.tex Preloading the plain format: codes, registers, parameters, fonts,
more fonts, macros, math definitions, output routines, hyphenation
(/home/manuel/Projekte/pdftex.js-1.40.11/texlive/texmf-dist/tex/generic/hyphen/
hyphen.tex [skipping from \patterns to end-of-file...]))
(/home/manuel/Projekte/pdftex.js-1.40.11/texlive/texmf-dist/tex/plain/etex/etex
defs.lib Skipping module "grouptypes"; Loading module "interactionmodes";
Skipping module "nodetypes"; Skipping module "iftypes";)
(/home/manuel/Projekte/pdftex.js-1.40.11/texlive/texmf-var/tex/generic/config/l
anguage.def
(/home/manuel/Projekte/pdftex.js-1.40.11/texlive/texmf-dist/tex/generic/hyphen/
hyphen.tex)) Augmenting the Plain TeX definitions: \tracingall;
Adding new e-TeX definitions: \eTeX, \loggingall, \tracingnone,
register allocation; extended register allocation; 
Recycling: \addlanguage, \@nswer (not defined), \@sk, \b@dresponsetrue,
\b@dresponsefalse, \ch@ckforyn, \mayber@cycle, \et@xabort, \et@xbuf,
\et@xfmtsrc, \et@xfilehdr, \et@xinf, \et@xpatterns, \l@ngdefnfile, \n@xt,
\p@rse (not defined), \pr@mpt (not defined), \pr@mptloop (not defined),
\forcer@cycle, \usef@llback, \usef@llbacktrue, \usef@llbackfalse, 
Retaining: \et@xerr, \et@xinput, \et@xlibhdr, \et@xmsg, \et@xtoks, \et@xwarn,
\et@xl@@d, \et@xl@ad, \et@xload, \et@xlang, \et@xhash, \eTeX, \etexhdrchk,
\etexstatus, \module, \uselanguage, \r@tain, \r@cycle,)
(/home/manuel/Projekte/pdftex.js-1.40.11/texlive/texmf-dist/tex/plain/config/pd
ftexmagfix.tex) )
Beginning to dump on file pdftex.fmt
 (format=pdftex 2014.1.4)
2883 strings of total length 43645
7960 memory locations dumped; current usage is 203&7321
1256 multiletter control sequences
\font\nullfont=nullfont
\font\tenrm=cmr10
\font\preloaded=cmr9
\font\preloaded=cmr8
\font\sevenrm=cmr7
\font\preloaded=cmr6
\font\fiverm=cmr5
\font\teni=cmmi10
\font\preloaded=cmmi9
\font\preloaded=cmmi8
\font\seveni=cmmi7
\font\preloaded=cmmi6
\font\fivei=cmmi5
\font\tensy=cmsy10
\font\preloaded=cmsy9
\font\preloaded=cmsy8
\font\sevensy=cmsy7
\font\preloaded=cmsy6
\font\fivesy=cmsy5
\font\tenex=cmex10
\font\preloaded=cmss10
\font\preloaded=cmssq8
\font\preloaded=cmssi10
\font\preloaded=cmssqi8
\font\tenbf=cmbx10
\font\preloaded=cmbx9
\font\preloaded=cmbx8
\font\sevenbf=cmbx7
\font\preloaded=cmbx6
\font\fivebf=cmbx5
\font\tentt=cmtt10
\font\preloaded=cmtt9
\font\preloaded=cmtt8
\font\preloaded=cmsltt10
\font\tensl=cmsl10
\font\preloaded=cmsl9
\font\preloaded=cmsl8
\font\tenit=cmti10
\font\preloaded=cmti9
\font\preloaded=cmti8
\font\preloaded=cmti7
\font\preloaded=cmu10
\font\preloaded=cmmib10
\font\preloaded=cmbsy10
\font\preloaded=cmcsc10
\font\preloaded=cmssbx10
\font\preloaded=cmdunh10
\font\preloaded=cmr7 at 14.51799pt
\font\preloaded=cmtt10 at 14.4pt
\font\preloaded=cmssbx10 at 14.4pt
\font\preloaded=manfnt
14787 words of font info for 50 preloaded fonts
14 hyphenation exceptions
Hyphenation trie of length 6075 has 181 ops out of 35111
  181 for language 0
0 words of pdfTeX memory
0 indirect objects
No pages of output.
Transcript written on pdftex.log.
fmtutil: /home/manuel/Projekte/pdftex.js-1.40.11/texlive/texmf-var/web2c/pdftex/pdftex.fmt installed.
fmtutil: running `pdftex -ini   -jobname=etex -progname=etex -translate-file=cp227.tcx *etex.ini' ...
This is pdfTeX, Version 3.1415926-2.5-1.40.14 (TeX Live 2013) (INITEX)
 restricted \write18 enabled.
 (/home/manuel/Projekte/pdftex.js-1.40.11/texlive/texmf-dist/web2c/cp227.tcx)
entering extended mode

(/home/manuel/Projekte/pdftex.js-1.40.11/texlive/texmf-dist/tex/plain/config/et
ex.ini
(/home/manuel/Projekte/pdftex.js-1.40.11/texlive/texmf-dist/tex/plain/etex/etex
.src
(/home/manuel/Projekte/pdftex.js-1.40.11/texlive/texmf-dist/tex/plain/base/plai
n.tex Preloading the plain format: codes, registers, parameters, fonts,
more fonts, macros, math definitions, output routines, hyphenation
(/home/manuel/Projekte/pdftex.js-1.40.11/texlive/texmf-dist/tex/generic/hyphen/
hyphen.tex [skipping from \patterns to end-of-file...]))
(/home/manuel/Projekte/pdftex.js-1.40.11/texlive/texmf-dist/tex/plain/etex/etex
defs.lib Skipping module "grouptypes"; Loading module "interactionmodes";
Skipping module "nodetypes"; Skipping module "iftypes";)
(/home/manuel/Projekte/pdftex.js-1.40.11/texlive/texmf-var/tex/generic/config/l
anguage.def
(/home/manuel/Projekte/pdftex.js-1.40.11/texlive/texmf-dist/tex/generic/hyphen/
hyphen.tex)) Augmenting the Plain TeX definitions: \tracingall;
Adding new e-TeX definitions: \eTeX, \loggingall, \tracingnone,
register allocation; extended register allocation; 
Recycling: \addlanguage, \@nswer (not defined), \@sk, \b@dresponsetrue,
\b@dresponsefalse, \ch@ckforyn, \mayber@cycle, \et@xabort, \et@xbuf,
\et@xfmtsrc, \et@xfilehdr, \et@xinf, \et@xpatterns, \l@ngdefnfile, \n@xt,
\p@rse (not defined), \pr@mpt (not defined), \pr@mptloop (not defined),
\forcer@cycle, \usef@llback, \usef@llbacktrue, \usef@llbackfalse, 
Retaining: \et@xerr, \et@xinput, \et@xlibhdr, \et@xmsg, \et@xtoks, \et@xwarn,
\et@xl@@d, \et@xl@ad, \et@xload, \et@xlang, \et@xhash, \eTeX, \etexhdrchk,
\etexstatus, \module, \uselanguage, \r@tain, \r@cycle,) )
Beginning to dump on file etex.fmt
 (format=etex 2014.1.4)
2873 strings of total length 43123
7960 memory locations dumped; current usage is 203&7290
1254 multiletter control sequences
\font\nullfont=nullfont
\font\tenrm=cmr10
\font\preloaded=cmr9
\font\preloaded=cmr8
\font\sevenrm=cmr7
\font\preloaded=cmr6
\font\fiverm=cmr5
\font\teni=cmmi10
\font\preloaded=cmmi9
\font\preloaded=cmmi8
\font\seveni=cmmi7
\font\preloaded=cmmi6
\font\fivei=cmmi5
\font\tensy=cmsy10
\font\preloaded=cmsy9
\font\preloaded=cmsy8
\font\sevensy=cmsy7
\font\preloaded=cmsy6
\font\fivesy=cmsy5
\font\tenex=cmex10
\font\preloaded=cmss10
\font\preloaded=cmssq8
\font\preloaded=cmssi10
\font\preloaded=cmssqi8
\font\tenbf=cmbx10
\font\preloaded=cmbx9
\font\preloaded=cmbx8
\font\sevenbf=cmbx7
\font\preloaded=cmbx6
\font\fivebf=cmbx5
\font\tentt=cmtt10
\font\preloaded=cmtt9
\font\preloaded=cmtt8
\font\preloaded=cmsltt10
\font\tensl=cmsl10
\font\preloaded=cmsl9
\font\preloaded=cmsl8
\font\tenit=cmti10
\font\preloaded=cmti9
\font\preloaded=cmti8
\font\preloaded=cmti7
\font\preloaded=cmu10
\font\preloaded=cmmib10
\font\preloaded=cmbsy10
\font\preloaded=cmcsc10
\font\preloaded=cmssbx10
\font\preloaded=cmdunh10
\font\preloaded=cmr7 at 14.51799pt
\font\preloaded=cmtt10 at 14.4pt
\font\preloaded=cmssbx10 at 14.4pt
\font\preloaded=manfnt
14787 words of font info for 50 preloaded fonts
14 hyphenation exceptions
Hyphenation trie of length 6075 has 181 ops out of 35111
  181 for language 0
0 words of pdfTeX memory
0 indirect objects
No pages of output.
Transcript written on etex.log.
fmtutil: /home/manuel/Projekte/pdftex.js-1.40.11/texlive/texmf-var/web2c/pdftex/etex.fmt installed.
fmtutil: running `pdftex -ini   -jobname=pdfetex -progname=pdfetex -translate-file=cp227.tcx *pdfetex.ini' ...
This is pdfTeX, Version 3.1415926-2.5-1.40.14 (TeX Live 2013) (INITEX)
 restricted \write18 enabled.
 (/home/manuel/Projekte/pdftex.js-1.40.11/texlive/texmf-dist/web2c/cp227.tcx)
entering extended mode

(/home/manuel/Projekte/pdftex.js-1.40.11/texlive/texmf-dist/tex/plain/config/pd
fetex.ini
(/home/manuel/Projekte/pdftex.js-1.40.11/texlive/texmf-dist/tex/generic/config/
pdftexconfig.tex)
(/home/manuel/Projekte/pdftex.js-1.40.11/texlive/texmf-dist/tex/plain/etex/etex
.src
(/home/manuel/Projekte/pdftex.js-1.40.11/texlive/texmf-dist/tex/plain/base/plai
n.tex Preloading the plain format: codes, registers, parameters, fonts,
more fonts, macros, math definitions, output routines, hyphenation
(/home/manuel/Projekte/pdftex.js-1.40.11/texlive/texmf-dist/tex/generic/hyphen/
hyphen.tex [skipping from \patterns to end-of-file...]))
(/home/manuel/Projekte/pdftex.js-1.40.11/texlive/texmf-dist/tex/plain/etex/etex
defs.lib Skipping module "grouptypes"; Loading module "interactionmodes";
Skipping module "nodetypes"; Skipping module "iftypes";)
(/home/manuel/Projekte/pdftex.js-1.40.11/texlive/texmf-var/tex/generic/config/l
anguage.def
(/home/manuel/Projekte/pdftex.js-1.40.11/texlive/texmf-dist/tex/generic/hyphen/
hyphen.tex)) Augmenting the Plain TeX definitions: \tracingall;
Adding new e-TeX definitions: \eTeX, \loggingall, \tracingnone,
register allocation; extended register allocation; 
Recycling: \addlanguage, \@nswer (not defined), \@sk, \b@dresponsetrue,
\b@dresponsefalse, \ch@ckforyn, \mayber@cycle, \et@xabort, \et@xbuf,
\et@xfmtsrc, \et@xfilehdr, \et@xinf, \et@xpatterns, \l@ngdefnfile, \n@xt,
\p@rse (not defined), \pr@mpt (not defined), \pr@mptloop (not defined),
\forcer@cycle, \usef@llback, \usef@llbacktrue, \usef@llbackfalse, 
Retaining: \et@xerr, \et@xinput, \et@xlibhdr, \et@xmsg, \et@xtoks, \et@xwarn,
\et@xl@@d, \et@xl@ad, \et@xload, \et@xlang, \et@xhash, \eTeX, \etexhdrchk,
\etexstatus, \module, \uselanguage, \r@tain, \r@cycle,)
(/home/manuel/Projekte/pdftex.js-1.40.11/texlive/texmf-dist/tex/plain/config/pd
ftexmagfix.tex) )
Beginning to dump on file pdfetex.fmt
 (format=pdfetex 2014.1.4)
2883 strings of total length 43648
7960 memory locations dumped; current usage is 203&7321
1256 multiletter control sequences
\font\nullfont=nullfont
\font\tenrm=cmr10
\font\preloaded=cmr9
\font\preloaded=cmr8
\font\sevenrm=cmr7
\font\preloaded=cmr6
\font\fiverm=cmr5
\font\teni=cmmi10
\font\preloaded=cmmi9
\font\preloaded=cmmi8
\font\seveni=cmmi7
\font\preloaded=cmmi6
\font\fivei=cmmi5
\font\tensy=cmsy10
\font\preloaded=cmsy9
\font\preloaded=cmsy8
\font\sevensy=cmsy7
\font\preloaded=cmsy6
\font\fivesy=cmsy5
\font\tenex=cmex10
\font\preloaded=cmss10
\font\preloaded=cmssq8
\font\preloaded=cmssi10
\font\preloaded=cmssqi8
\font\tenbf=cmbx10
\font\preloaded=cmbx9
\font\preloaded=cmbx8
\font\sevenbf=cmbx7
\font\preloaded=cmbx6
\font\fivebf=cmbx5
\font\tentt=cmtt10
\font\preloaded=cmtt9
\font\preloaded=cmtt8
\font\preloaded=cmsltt10
\font\tensl=cmsl10
\font\preloaded=cmsl9
\font\preloaded=cmsl8
\font\tenit=cmti10
\font\preloaded=cmti9
\font\preloaded=cmti8
\font\preloaded=cmti7
\font\preloaded=cmu10
\font\preloaded=cmmib10
\font\preloaded=cmbsy10
\font\preloaded=cmcsc10
\font\preloaded=cmssbx10
\font\preloaded=cmdunh10
\font\preloaded=cmr7 at 14.51799pt
\font\preloaded=cmtt10 at 14.4pt
\font\preloaded=cmssbx10 at 14.4pt
\font\preloaded=manfnt
14787 words of font info for 50 preloaded fonts
14 hyphenation exceptions
Hyphenation trie of length 6075 has 181 ops out of 35111
  181 for language 0
0 words of pdfTeX memory
0 indirect objects
No pages of output.
Transcript written on pdfetex.log.
fmtutil: /home/manuel/Projekte/pdftex.js-1.40.11/texlive/texmf-var/web2c/pdftex/pdfetex.fmt installed.
fmtutil: running `tex -ini   -jobname=tex -progname=tex tex.ini' ...
This is TeX, Version 3.1415926 (TeX Live 2013) (INITEX)

(/home/manuel/Projekte/pdftex.js-1.40.11/texlive/texmf-dist/tex/plain/config/te
x.ini
(/home/manuel/Projekte/pdftex.js-1.40.11/texlive/texmf-dist/tex/plain/base/plai
n.tex Preloading the plain format: codes, registers, parameters, fonts,
more fonts, macros, math definitions, output routines, hyphenation
(/home/manuel/Projekte/pdftex.js-1.40.11/texlive/texmf-dist/tex/generic/hyphen/
hyphen.tex)) )
Beginning to dump on file tex.fmt
 (format=tex 2014.1.4)
2027 strings of total length 29536
4990 memory locations dumped; current usage is 110&4877
926 multiletter control sequences
\font\nullfont=nullfont
\font\tenrm=cmr10
\font\preloaded=cmr9
\font\preloaded=cmr8
\font\sevenrm=cmr7
\font\preloaded=cmr6
\font\fiverm=cmr5
\font\teni=cmmi10
\font\preloaded=cmmi9
\font\preloaded=cmmi8
\font\seveni=cmmi7
\font\preloaded=cmmi6
\font\fivei=cmmi5
\font\tensy=cmsy10
\font\preloaded=cmsy9
\font\preloaded=cmsy8
\font\sevensy=cmsy7
\font\preloaded=cmsy6
\font\fivesy=cmsy5
\font\tenex=cmex10
\font\preloaded=cmss10
\font\preloaded=cmssq8
\font\preloaded=cmssi10
\font\preloaded=cmssqi8
\font\tenbf=cmbx10
\font\preloaded=cmbx9
\font\preloaded=cmbx8
\font\sevenbf=cmbx7
\font\preloaded=cmbx6
\font\fivebf=cmbx5
\font\tentt=cmtt10
\font\preloaded=cmtt9
\font\preloaded=cmtt8
\font\preloaded=cmsltt10
\font\tensl=cmsl10
\font\preloaded=cmsl9
\font\preloaded=cmsl8
\font\tenit=cmti10
\font\preloaded=cmti9
\font\preloaded=cmti8
\font\preloaded=cmti7
\font\preloaded=cmu10
\font\preloaded=cmmib10
\font\preloaded=cmbsy10
\font\preloaded=cmcsc10
\font\preloaded=cmssbx10
\font\preloaded=cmdunh10
\font\preloaded=cmr7 at 14.51799pt
\font\preloaded=cmtt10 at 14.4pt
\font\preloaded=cmssbx10 at 14.4pt
\font\preloaded=manfnt
14787 words of font info for 50 preloaded fonts
14 hyphenation exceptions
Hyphenation trie of length 6075 has 181 ops out of 35111
  181 for language 0
No pages of output.
Transcript written on tex.log.
fmtutil: /home/manuel/Projekte/pdftex.js-1.40.11/texlive/texmf-var/web2c/tex/tex.fmt installed.
done
running package-specific postactions
postaction install script for dvipdfmx: perl /home/manuel/Projekte/pdftex.js-1.40.11/texlive/tlpkg/tlpostcode/dvipdfmx.pl
finished with package-specific postactions
